{"/Users/galtibet/Apps/clinicALL/data.ts": {"path":"/Users/galtibet/Apps/clinicALL/data.ts","statementMap":{"0":{"start":{"line":9,"column":26},"end":{"line":28,"column":null}},"1":{"start":{"line":10,"column":16},"end":{"line":10,"column":null}},"2":{"start":{"line":11,"column":22},"end":{"line":11,"column":null}},"3":{"start":{"line":12,"column":14},"end":{"line":12,"column":null}},"4":{"start":{"line":15,"column":2},"end":{"line":26,"column":null}},"5":{"start":{"line":16,"column":18},"end":{"line":16,"column":null}},"6":{"start":{"line":17,"column":4},"end":{"line":17,"column":null}},"7":{"start":{"line":18,"column":4},"end":{"line":20,"column":null}},"8":{"start":{"line":18,"column":17},"end":{"line":18,"column":20}},"9":{"start":{"line":19,"column":6},"end":{"line":19,"column":null}},"10":{"start":{"line":23,"column":4},"end":{"line":25,"column":null}},"11":{"start":{"line":23,"column":17},"end":{"line":23,"column":20}},"12":{"start":{"line":24,"column":6},"end":{"line":24,"column":null}},"13":{"start":{"line":27,"column":2},"end":{"line":27,"column":null}},"14":{"start":{"line":32,"column":21},"end":{"line":32,"column":null}},"15":{"start":{"line":33,"column":21},"end":{"line":33,"column":null}},"16":{"start":{"line":34,"column":21},"end":{"line":34,"column":null}},"17":{"start":{"line":37,"column":24},"end":{"line":42,"column":null}},"18":{"start":{"line":38,"column":15},"end":{"line":38,"column":null}},"19":{"start":{"line":39,"column":2},"end":{"line":39,"column":null}},"20":{"start":{"line":40,"column":20},"end":{"line":40,"column":null}},"21":{"start":{"line":41,"column":2},"end":{"line":41,"column":null}},"22":{"start":{"line":45,"column":26},"end":{"line":49,"column":null}},"23":{"start":{"line":46,"column":15},"end":{"line":46,"column":null}},"24":{"start":{"line":47,"column":2},"end":{"line":47,"column":null}},"25":{"start":{"line":48,"column":2},"end":{"line":48,"column":null}},"26":{"start":{"line":53,"column":40},"end":{"line":149,"column":null}},"27":{"start":{"line":151,"column":40},"end":{"line":157,"column":null}},"28":{"start":{"line":159,"column":48},"end":{"line":170,"column":null}},"29":{"start":{"line":172,"column":48},"end":{"line":185,"column":null}},"30":{"start":{"line":187,"column":51},"end":{"line":202,"column":null}},"31":{"start":{"line":204,"column":47},"end":{"line":208,"column":null}},"32":{"start":{"line":210,"column":50},"end":{"line":233,"column":null}},"33":{"start":{"line":235,"column":34},"end":{"line":240,"column":null}},"34":{"start":{"line":242,"column":40},"end":{"line":270,"column":null}},"35":{"start":{"line":272,"column":42},"end":{"line":277,"column":null}},"36":{"start":{"line":280,"column":22},"end":{"line":284,"column":null}},"37":{"start":{"line":281,"column":15},"end":{"line":281,"column":null}},"38":{"start":{"line":282,"column":2},"end":{"line":282,"column":null}},"39":{"start":{"line":283,"column":2},"end":{"line":283,"column":null}},"40":{"start":{"line":288,"column":60},"end":{"line":324,"column":null}}},"fnMap":{"0":{"name":"(anonymous_0)","decl":{"start":{"line":9,"column":26},"end":{"line":9,"column":40}},"loc":{"start":{"line":9,"column":40},"end":{"line":28,"column":null}},"line":9},"1":{"name":"(anonymous_1)","decl":{"start":{"line":37,"column":24},"end":{"line":37,"column":25}},"loc":{"start":{"line":37,"column":56},"end":{"line":42,"column":null}},"line":37},"2":{"name":"(anonymous_2)","decl":{"start":{"line":45,"column":26},"end":{"line":45,"column":27}},"loc":{"start":{"line":45,"column":80},"end":{"line":49,"column":null}},"line":45},"3":{"name":"(anonymous_3)","decl":{"start":{"line":280,"column":22},"end":{"line":280,"column":23}},"loc":{"start":{"line":280,"column":55},"end":{"line":284,"column":null}},"line":280}},"branchMap":{"0":{"loc":{"start":{"line":15,"column":2},"end":{"line":26,"column":null}},"type":"if","locations":[{"start":{"line":15,"column":2},"end":{"line":26,"column":null}},{"start":{"line":21,"column":9},"end":{"line":26,"column":null}}],"line":15},"1":{"loc":{"start":{"line":15,"column":6},"end":{"line":15,"column":63}},"type":"binary-expr","locations":[{"start":{"line":15,"column":6},"end":{"line":15,"column":39}},{"start":{"line":15,"column":39},"end":{"line":15,"column":63}}],"line":15},"2":{"loc":{"start":{"line":41,"column":9},"end":{"line":41,"column":null}},"type":"binary-expr","locations":[{"start":{"line":41,"column":9},"end":{"line":41,"column":36}},{"start":{"line":41,"column":36},"end":{"line":41,"column":null}}],"line":41},"3":{"loc":{"start":{"line":45,"column":48},"end":{"line":45,"column":80}},"type":"default-arg","locations":[{"start":{"line":45,"column":63},"end":{"line":45,"column":80}}],"line":45}},"s":{"0":2,"1":6,"2":6,"3":6,"4":6,"5":6,"6":6,"7":6,"8":6,"9":72,"10":0,"11":0,"12":0,"13":6,"14":2,"15":2,"16":2,"17":2,"18":38,"19":38,"20":38,"21":38,"22":2,"23":6,"24":6,"25":6,"26":2,"27":2,"28":2,"29":2,"30":2,"31":2,"32":2,"33":2,"34":2,"35":2,"36":2,"37":6,"38":6,"39":6,"40":2},"f":{"0":6,"1":38,"2":6,"3":6},"b":{"0":[6,0],"1":[6,6],"2":[38,0],"3":[6]},"meta":{"lastBranch":4,"lastFunction":4,"lastStatement":41,"seen":{"s:9:26:28:Infinity":0,"f:9:26:9:40":0,"s:10:16:10:Infinity":1,"s:11:22:11:Infinity":2,"s:12:14:12:Infinity":3,"b:15:2:26:Infinity:21:9:26:Infinity":0,"s:15:2:26:Infinity":4,"b:15:6:15:39:15:39:15:63":1,"s:16:18:16:Infinity":5,"s:17:4:17:Infinity":6,"s:18:4:20:Infinity":7,"s:18:17:18:20":8,"s:19:6:19:Infinity":9,"s:23:4:25:Infinity":10,"s:23:17:23:20":11,"s:24:6:24:Infinity":12,"s:27:2:27:Infinity":13,"s:32:21:32:Infinity":14,"s:33:21:33:Infinity":15,"s:34:21:34:Infinity":16,"s:37:24:42:Infinity":17,"f:37:24:37:25":1,"s:38:15:38:Infinity":18,"s:39:2:39:Infinity":19,"s:40:20:40:Infinity":20,"s:41:2:41:Infinity":21,"b:41:9:41:36:41:36:41:Infinity":2,"s:45:26:49:Infinity":22,"f:45:26:45:27":2,"b:45:63:45:80":3,"s:46:15:46:Infinity":23,"s:47:2:47:Infinity":24,"s:48:2:48:Infinity":25,"s:53:40:149:Infinity":26,"s:151:40:157:Infinity":27,"s:159:48:170:Infinity":28,"s:172:48:185:Infinity":29,"s:187:51:202:Infinity":30,"s:204:47:208:Infinity":31,"s:210:50:233:Infinity":32,"s:235:34:240:Infinity":33,"s:242:40:270:Infinity":34,"s:272:42:277:Infinity":35,"s:280:22:284:Infinity":36,"f:280:22:280:23":3,"s:281:15:281:Infinity":37,"s:282:2:282:Infinity":38,"s:283:2:283:Infinity":39,"s:288:60:324:Infinity":40}}}
,"/Users/galtibet/Apps/clinicALL/components/ui.tsx": {"path":"/Users/galtibet/Apps/clinicALL/components/ui.tsx","statementMap":{"0":{"start":{"line":8,"column":2},"end":{"line":8,"column":null}},"1":{"start":{"line":18,"column":22},"end":{"line":58,"column":null}},"2":{"start":{"line":20,"column":21},"end":{"line":26,"column":null}},"3":{"start":{"line":27,"column":18},"end":{"line":32,"column":null}},"4":{"start":{"line":33,"column":4},"end":{"line":55,"column":null}},"5":{"start":{"line":59,"column":0},"end":{"line":59,"column":null}},"6":{"start":{"line":62,"column":21},"end":{"line":76,"column":null}},"7":{"start":{"line":64,"column":4},"end":{"line":73,"column":null}},"8":{"start":{"line":77,"column":0},"end":{"line":77,"column":null}},"9":{"start":{"line":80,"column":21},"end":{"line":88,"column":null}},"10":{"start":{"line":82,"column":4},"end":{"line":86,"column":null}},"11":{"start":{"line":89,"column":0},"end":{"line":89,"column":null}},"12":{"start":{"line":92,"column":22},"end":{"line":118,"column":null}},"13":{"start":{"line":94,"column":4},"end":{"line":116,"column":null}},"14":{"start":{"line":98,"column":21},"end":{"line":98,"column":null}},"15":{"start":{"line":119,"column":0},"end":{"line":119,"column":null}},"16":{"start":{"line":122,"column":20},"end":{"line":124,"column":null}},"17":{"start":{"line":123,"column":2},"end":{"line":123,"column":null}},"18":{"start":{"line":126,"column":24},"end":{"line":129,"column":null}},"19":{"start":{"line":127,"column":2},"end":{"line":129,"column":null}},"20":{"start":{"line":138,"column":27},"end":{"line":150,"column":null}},"21":{"start":{"line":139,"column":2},"end":{"line":150,"column":null}},"22":{"start":{"line":140,"column":19},"end":{"line":140,"column":null}},"23":{"start":{"line":154,"column":20},"end":{"line":160,"column":null}},"24":{"start":{"line":155,"column":2},"end":{"line":159,"column":null}},"25":{"start":{"line":161,"column":0},"end":{"line":161,"column":null}},"26":{"start":{"line":169,"column":21},"end":{"line":192,"column":null}},"27":{"start":{"line":171,"column":21},"end":{"line":178,"column":null}},"28":{"start":{"line":179,"column":4},"end":{"line":189,"column":null}},"29":{"start":{"line":193,"column":0},"end":{"line":193,"column":null}},"30":{"start":{"line":196,"column":22},"end":{"line":310,"column":null}},"31":{"start":{"line":197,"column":20},"end":{"line":197,"column":null}},"32":{"start":{"line":198,"column":18},"end":{"line":198,"column":null}},"33":{"start":{"line":199,"column":40},"end":{"line":199,"column":null}},"34":{"start":{"line":200,"column":42},"end":{"line":200,"column":null}},"35":{"start":{"line":203,"column":2},"end":{"line":214,"column":null}},"36":{"start":{"line":204,"column":4},"end":{"line":213,"column":null}},"37":{"start":{"line":205,"column":6},"end":{"line":205,"column":null}},"38":{"start":{"line":207,"column":6},"end":{"line":207,"column":null}},"39":{"start":{"line":207,"column":34},"end":{"line":207,"column":54}},"40":{"start":{"line":209,"column":6},"end":{"line":209,"column":null}},"41":{"start":{"line":211,"column":20},"end":{"line":211,"column":null}},"42":{"start":{"line":211,"column":37},"end":{"line":211,"column":61}},"43":{"start":{"line":212,"column":6},"end":{"line":212,"column":null}},"44":{"start":{"line":212,"column":19},"end":{"line":212,"column":null}},"45":{"start":{"line":217,"column":2},"end":{"line":266,"column":null}},"46":{"start":{"line":218,"column":4},"end":{"line":218,"column":null}},"47":{"start":{"line":218,"column":15},"end":{"line":218,"column":null}},"48":{"start":{"line":220,"column":19},"end":{"line":220,"column":null}},"49":{"start":{"line":221,"column":4},"end":{"line":221,"column":null}},"50":{"start":{"line":221,"column":17},"end":{"line":221,"column":null}},"51":{"start":{"line":224,"column":30},"end":{"line":224,"column":null}},"52":{"start":{"line":227,"column":23},"end":{"line":227,"column":null}},"53":{"start":{"line":227,"column":40},"end":{"line":227,"column":56}},"54":{"start":{"line":230,"column":26},"end":{"line":252,"column":null}},"55":{"start":{"line":231,"column":6},"end":{"line":234,"column":null}},"56":{"start":{"line":232,"column":8},"end":{"line":232,"column":null}},"57":{"start":{"line":233,"column":8},"end":{"line":233,"column":null}},"58":{"start":{"line":237,"column":6},"end":{"line":251,"column":null}},"59":{"start":{"line":238,"column":34},"end":{"line":240,"column":null}},"60":{"start":{"line":241,"column":29},"end":{"line":241,"column":null}},"61":{"start":{"line":242,"column":28},"end":{"line":242,"column":null}},"62":{"start":{"line":244,"column":8},"end":{"line":250,"column":null}},"63":{"start":{"line":245,"column":10},"end":{"line":245,"column":null}},"64":{"start":{"line":246,"column":10},"end":{"line":246,"column":null}},"65":{"start":{"line":247,"column":8},"end":{"line":250,"column":null}},"66":{"start":{"line":248,"column":10},"end":{"line":248,"column":null}},"67":{"start":{"line":249,"column":10},"end":{"line":249,"column":null}},"68":{"start":{"line":254,"column":4},"end":{"line":254,"column":null}},"69":{"start":{"line":257,"column":4},"end":{"line":257,"column":null}},"70":{"start":{"line":259,"column":4},"end":{"line":265,"column":null}},"71":{"start":{"line":260,"column":6},"end":{"line":260,"column":null}},"72":{"start":{"line":261,"column":6},"end":{"line":261,"column":null}},"73":{"start":{"line":262,"column":6},"end":{"line":262,"column":null}},"74":{"start":{"line":264,"column":6},"end":{"line":264,"column":null}},"75":{"start":{"line":268,"column":2},"end":{"line":268,"column":null}},"76":{"start":{"line":268,"column":21},"end":{"line":268,"column":null}},"77":{"start":{"line":270,"column":2},"end":{"line":308,"column":null}},"78":{"start":{"line":292,"column":24},"end":{"line":292,"column":null}},"79":{"start":{"line":313,"column":24},"end":{"line":324,"column":null}},"80":{"start":{"line":315,"column":4},"end":{"line":322,"column":null}},"81":{"start":{"line":325,"column":0},"end":{"line":325,"column":null}},"82":{"start":{"line":333,"column":26},"end":{"line":347,"column":null}},"83":{"start":{"line":334,"column":2},"end":{"line":347,"column":null}},"84":{"start":{"line":336,"column":6},"end":{"line":345,"column":null}},"85":{"start":{"line":358,"column":21},"end":{"line":411,"column":null}},"86":{"start":{"line":359,"column":36},"end":{"line":359,"column":null}},"87":{"start":{"line":361,"column":2},"end":{"line":368,"column":null}},"88":{"start":{"line":362,"column":22},"end":{"line":362,"column":null}},"89":{"start":{"line":362,"column":39},"end":{"line":362,"column":59}},"90":{"start":{"line":363,"column":23},"end":{"line":363,"column":null}},"91":{"start":{"line":364,"column":4},"end":{"line":367,"column":null}},"92":{"start":{"line":365,"column":6},"end":{"line":365,"column":null}},"93":{"start":{"line":366,"column":6},"end":{"line":366,"column":null}},"94":{"start":{"line":370,"column":22},"end":{"line":373,"column":null}},"95":{"start":{"line":371,"column":4},"end":{"line":371,"column":null}},"96":{"start":{"line":372,"column":4},"end":{"line":372,"column":null}},"97":{"start":{"line":375,"column":16},"end":{"line":380,"column":null}},"98":{"start":{"line":382,"column":17},"end":{"line":387,"column":null}},"99":{"start":{"line":389,"column":2},"end":{"line":409,"column":null}},"100":{"start":{"line":414,"column":24},"end":{"line":441,"column":null}},"101":{"start":{"line":415,"column":30},"end":{"line":415,"column":null}},"102":{"start":{"line":417,"column":20},"end":{"line":420,"column":null}},"103":{"start":{"line":418,"column":15},"end":{"line":418,"column":null}},"104":{"start":{"line":419,"column":4},"end":{"line":419,"column":null}},"105":{"start":{"line":419,"column":22},"end":{"line":419,"column":54}},"106":{"start":{"line":422,"column":22},"end":{"line":424,"column":null}},"107":{"start":{"line":423,"column":4},"end":{"line":423,"column":null}},"108":{"start":{"line":423,"column":22},"end":{"line":423,"column":51}},"109":{"start":{"line":423,"column":39},"end":{"line":423,"column":50}},"110":{"start":{"line":426,"column":25},"end":{"line":437,"column":null}},"111":{"start":{"line":427,"column":4},"end":{"line":437,"column":null}},"112":{"start":{"line":429,"column":8},"end":{"line":435,"column":null}},"113":{"start":{"line":433,"column":27},"end":{"line":433,"column":null}},"114":{"start":{"line":440,"column":2},"end":{"line":440,"column":null}}},"fnMap":{"0":{"name":"cn","decl":{"start":{"line":7,"column":16},"end":{"line":7,"column":22}},"loc":{"start":{"line":7,"column":44},"end":{"line":9,"column":null}},"line":7},"1":{"name":"(anonymous_1)","decl":{"start":{"line":19,"column":2},"end":{"line":19,"column":3}},"loc":{"start":{"line":19,"column":99},"end":{"line":57,"column":null}},"line":19},"2":{"name":"(anonymous_2)","decl":{"start":{"line":63,"column":2},"end":{"line":63,"column":3}},"loc":{"start":{"line":63,"column":42},"end":{"line":75,"column":null}},"line":63},"3":{"name":"(anonymous_3)","decl":{"start":{"line":81,"column":2},"end":{"line":81,"column":3}},"loc":{"start":{"line":82,"column":4},"end":{"line":86,"column":null}},"line":82},"4":{"name":"(anonymous_4)","decl":{"start":{"line":93,"column":2},"end":{"line":93,"column":3}},"loc":{"start":{"line":94,"column":4},"end":{"line":116,"column":null}},"line":94},"5":{"name":"(anonymous_5)","decl":{"start":{"line":98,"column":15},"end":{"line":98,"column":21}},"loc":{"start":{"line":98,"column":21},"end":{"line":98,"column":null}},"line":98},"6":{"name":"(anonymous_6)","decl":{"start":{"line":122,"column":20},"end":{"line":122,"column":21}},"loc":{"start":{"line":122,"column":198},"end":{"line":124,"column":null}},"line":122},"7":{"name":"(anonymous_7)","decl":{"start":{"line":126,"column":24},"end":{"line":126,"column":25}},"loc":{"start":{"line":127,"column":2},"end":{"line":129,"column":null}},"line":127},"8":{"name":"(anonymous_8)","decl":{"start":{"line":138,"column":27},"end":{"line":138,"column":28}},"loc":{"start":{"line":139,"column":2},"end":{"line":150,"column":null}},"line":139},"9":{"name":"(anonymous_9)","decl":{"start":{"line":140,"column":13},"end":{"line":140,"column":19}},"loc":{"start":{"line":140,"column":19},"end":{"line":140,"column":null}},"line":140},"10":{"name":"(anonymous_10)","decl":{"start":{"line":154,"column":91},"end":{"line":154,"column":92}},"loc":{"start":{"line":155,"column":2},"end":{"line":159,"column":null}},"line":155},"11":{"name":"(anonymous_11)","decl":{"start":{"line":170,"column":2},"end":{"line":170,"column":3}},"loc":{"start":{"line":170,"column":74},"end":{"line":191,"column":null}},"line":170},"12":{"name":"(anonymous_12)","decl":{"start":{"line":196,"column":22},"end":{"line":196,"column":23}},"loc":{"start":{"line":196,"column":146},"end":{"line":310,"column":null}},"line":196},"13":{"name":"(anonymous_13)","decl":{"start":{"line":203,"column":18},"end":{"line":203,"column":24}},"loc":{"start":{"line":203,"column":24},"end":{"line":214,"column":5}},"line":203},"14":{"name":"(anonymous_14)","decl":{"start":{"line":207,"column":28},"end":{"line":207,"column":34}},"loc":{"start":{"line":207,"column":34},"end":{"line":207,"column":54}},"line":207},"15":{"name":"(anonymous_15)","decl":{"start":{"line":211,"column":31},"end":{"line":211,"column":37}},"loc":{"start":{"line":211,"column":37},"end":{"line":211,"column":61}},"line":211},"16":{"name":"(anonymous_16)","decl":{"start":{"line":212,"column":13},"end":{"line":212,"column":19}},"loc":{"start":{"line":212,"column":19},"end":{"line":212,"column":null}},"line":212},"17":{"name":"(anonymous_17)","decl":{"start":{"line":217,"column":18},"end":{"line":217,"column":24}},"loc":{"start":{"line":217,"column":24},"end":{"line":266,"column":5}},"line":217},"18":{"name":"(anonymous_18)","decl":{"start":{"line":227,"column":34},"end":{"line":227,"column":40}},"loc":{"start":{"line":227,"column":40},"end":{"line":227,"column":56}},"line":227},"19":{"name":"(anonymous_19)","decl":{"start":{"line":230,"column":26},"end":{"line":230,"column":27}},"loc":{"start":{"line":230,"column":48},"end":{"line":252,"column":null}},"line":230},"20":{"name":"(anonymous_20)","decl":{"start":{"line":259,"column":11},"end":{"line":259,"column":17}},"loc":{"start":{"line":259,"column":17},"end":{"line":265,"column":null}},"line":259},"21":{"name":"(anonymous_21)","decl":{"start":{"line":292,"column":17},"end":{"line":292,"column":18}},"loc":{"start":{"line":292,"column":24},"end":{"line":292,"column":null}},"line":292},"22":{"name":"(anonymous_22)","decl":{"start":{"line":314,"column":2},"end":{"line":314,"column":3}},"loc":{"start":{"line":315,"column":4},"end":{"line":322,"column":null}},"line":315},"23":{"name":"(anonymous_23)","decl":{"start":{"line":333,"column":26},"end":{"line":333,"column":27}},"loc":{"start":{"line":334,"column":2},"end":{"line":347,"column":null}},"line":334},"24":{"name":"(anonymous_24)","decl":{"start":{"line":335,"column":15},"end":{"line":335,"column":16}},"loc":{"start":{"line":336,"column":6},"end":{"line":345,"column":null}},"line":336},"25":{"name":"(anonymous_25)","decl":{"start":{"line":358,"column":21},"end":{"line":358,"column":22}},"loc":{"start":{"line":358,"column":82},"end":{"line":411,"column":null}},"line":358},"26":{"name":"(anonymous_26)","decl":{"start":{"line":361,"column":18},"end":{"line":361,"column":24}},"loc":{"start":{"line":361,"column":24},"end":{"line":368,"column":5}},"line":361},"27":{"name":"(anonymous_27)","decl":{"start":{"line":362,"column":33},"end":{"line":362,"column":39}},"loc":{"start":{"line":362,"column":39},"end":{"line":362,"column":59}},"line":362},"28":{"name":"(anonymous_28)","decl":{"start":{"line":364,"column":11},"end":{"line":364,"column":17}},"loc":{"start":{"line":364,"column":17},"end":{"line":367,"column":null}},"line":364},"29":{"name":"(anonymous_29)","decl":{"start":{"line":370,"column":22},"end":{"line":370,"column":28}},"loc":{"start":{"line":370,"column":28},"end":{"line":373,"column":null}},"line":370},"30":{"name":"(anonymous_30)","decl":{"start":{"line":414,"column":24},"end":{"line":414,"column":30}},"loc":{"start":{"line":414,"column":30},"end":{"line":441,"column":null}},"line":414},"31":{"name":"(anonymous_31)","decl":{"start":{"line":417,"column":38},"end":{"line":417,"column":39}},"loc":{"start":{"line":417,"column":85},"end":{"line":420,"column":5}},"line":417},"32":{"name":"(anonymous_32)","decl":{"start":{"line":419,"column":14},"end":{"line":419,"column":22}},"loc":{"start":{"line":419,"column":22},"end":{"line":419,"column":54}},"line":419},"33":{"name":"(anonymous_33)","decl":{"start":{"line":422,"column":40},"end":{"line":422,"column":41}},"loc":{"start":{"line":422,"column":56},"end":{"line":424,"column":5}},"line":422},"34":{"name":"(anonymous_34)","decl":{"start":{"line":423,"column":14},"end":{"line":423,"column":22}},"loc":{"start":{"line":423,"column":22},"end":{"line":423,"column":51}},"line":423},"35":{"name":"(anonymous_35)","decl":{"start":{"line":423,"column":34},"end":{"line":423,"column":39}},"loc":{"start":{"line":423,"column":39},"end":{"line":423,"column":50}},"line":423},"36":{"name":"(anonymous_36)","decl":{"start":{"line":426,"column":25},"end":{"line":426,"column":null}},"loc":{"start":{"line":427,"column":4},"end":{"line":437,"column":null}},"line":427},"37":{"name":"(anonymous_37)","decl":{"start":{"line":428,"column":18},"end":{"line":428,"column":19}},"loc":{"start":{"line":429,"column":8},"end":{"line":435,"column":null}},"line":429},"38":{"name":"(anonymous_38)","decl":{"start":{"line":433,"column":21},"end":{"line":433,"column":27}},"loc":{"start":{"line":433,"column":27},"end":{"line":433,"column":null}},"line":433}},"branchMap":{"0":{"loc":{"start":{"line":19,"column":16},"end":{"line":19,"column":37}},"type":"default-arg","locations":[{"start":{"line":19,"column":26},"end":{"line":19,"column":37}}],"line":19},"1":{"loc":{"start":{"line":19,"column":37},"end":{"line":19,"column":50}},"type":"default-arg","locations":[{"start":{"line":19,"column":44},"end":{"line":19,"column":50}}],"line":19},"2":{"loc":{"start":{"line":36,"column":18},"end":{"line":36,"column":null}},"type":"binary-expr","locations":[{"start":{"line":36,"column":18},"end":{"line":36,"column":30}},{"start":{"line":36,"column":30},"end":{"line":36,"column":null}}],"line":36},"3":{"loc":{"start":{"line":41,"column":10},"end":{"line":41,"column":null}},"type":"binary-expr","locations":[{"start":{"line":41,"column":10},"end":{"line":41,"column":21}},{"start":{"line":41,"column":21},"end":{"line":41,"column":null}}],"line":41},"4":{"loc":{"start":{"line":46,"column":9},"end":{"line":52,"column":null}},"type":"binary-expr","locations":[{"start":{"line":46,"column":9},"end":{"line":46,"column":null}},{"start":{"line":47,"column":10},"end":{"line":52,"column":null}}],"line":46},"5":{"loc":{"start":{"line":54,"column":105},"end":{"line":54,"column":142}},"type":"cond-expr","locations":[{"start":{"line":54,"column":115},"end":{"line":54,"column":129}},{"start":{"line":54,"column":129},"end":{"line":54,"column":142}}],"line":54},"6":{"loc":{"start":{"line":101,"column":8},"end":{"line":101,"column":null}},"type":"cond-expr","locations":[{"start":{"line":101,"column":18},"end":{"line":101,"column":46}},{"start":{"line":101,"column":46},"end":{"line":101,"column":null}}],"line":101},"7":{"loc":{"start":{"line":110,"column":10},"end":{"line":112,"column":null}},"type":"cond-expr","locations":[{"start":{"line":111,"column":14},"end":{"line":111,"column":null}},{"start":{"line":112,"column":14},"end":{"line":112,"column":null}}],"line":110},"8":{"loc":{"start":{"line":143,"column":6},"end":{"line":145,"column":null}},"type":"cond-expr","locations":[{"start":{"line":144,"column":10},"end":{"line":144,"column":null}},{"start":{"line":145,"column":10},"end":{"line":145,"column":null}}],"line":143},"9":{"loc":{"start":{"line":170,"column":16},"end":{"line":170,"column":37}},"type":"default-arg","locations":[{"start":{"line":170,"column":26},"end":{"line":170,"column":37}}],"line":170},"10":{"loc":{"start":{"line":170,"column":37},"end":{"line":170,"column":54}},"type":"default-arg","locations":[{"start":{"line":170,"column":47},"end":{"line":170,"column":54}}],"line":170},"11":{"loc":{"start":{"line":185,"column":10},"end":{"line":185,"column":null}},"type":"binary-expr","locations":[{"start":{"line":185,"column":10},"end":{"line":185,"column":21}},{"start":{"line":185,"column":21},"end":{"line":185,"column":null}}],"line":185},"12":{"loc":{"start":{"line":204,"column":4},"end":{"line":213,"column":null}},"type":"if","locations":[{"start":{"line":204,"column":4},"end":{"line":213,"column":null}},{"start":{"line":208,"column":11},"end":{"line":213,"column":null}}],"line":204},"13":{"loc":{"start":{"line":218,"column":4},"end":{"line":218,"column":null}},"type":"if","locations":[{"start":{"line":218,"column":4},"end":{"line":218,"column":null}},{"start":{},"end":{}}],"line":218},"14":{"loc":{"start":{"line":221,"column":4},"end":{"line":221,"column":null}},"type":"if","locations":[{"start":{"line":221,"column":4},"end":{"line":221,"column":null}},{"start":{},"end":{}}],"line":221},"15":{"loc":{"start":{"line":231,"column":6},"end":{"line":234,"column":null}},"type":"if","locations":[{"start":{"line":231,"column":6},"end":{"line":234,"column":null}},{"start":{},"end":{}}],"line":231},"16":{"loc":{"start":{"line":237,"column":6},"end":{"line":251,"column":null}},"type":"if","locations":[{"start":{"line":237,"column":6},"end":{"line":251,"column":null}},{"start":{},"end":{}}],"line":237},"17":{"loc":{"start":{"line":244,"column":8},"end":{"line":250,"column":null}},"type":"if","locations":[{"start":{"line":244,"column":8},"end":{"line":250,"column":null}},{"start":{"line":247,"column":8},"end":{"line":250,"column":null}}],"line":244},"18":{"loc":{"start":{"line":244,"column":12},"end":{"line":244,"column":67}},"type":"binary-expr","locations":[{"start":{"line":244,"column":12},"end":{"line":244,"column":26}},{"start":{"line":244,"column":26},"end":{"line":244,"column":67}}],"line":244},"19":{"loc":{"start":{"line":247,"column":8},"end":{"line":250,"column":null}},"type":"if","locations":[{"start":{"line":247,"column":8},"end":{"line":250,"column":null}},{"start":{},"end":{}}],"line":247},"20":{"loc":{"start":{"line":247,"column":19},"end":{"line":247,"column":74}},"type":"binary-expr","locations":[{"start":{"line":247,"column":19},"end":{"line":247,"column":34}},{"start":{"line":247,"column":34},"end":{"line":247,"column":74}}],"line":247},"21":{"loc":{"start":{"line":268,"column":2},"end":{"line":268,"column":null}},"type":"if","locations":[{"start":{"line":268,"column":2},"end":{"line":268,"column":null}},{"start":{},"end":{}}],"line":268},"22":{"loc":{"start":{"line":274,"column":8},"end":{"line":274,"column":null}},"type":"cond-expr","locations":[{"start":{"line":274,"column":22},"end":{"line":274,"column":55}},{"start":{"line":274,"column":55},"end":{"line":274,"column":null}}],"line":274},"23":{"loc":{"start":{"line":283,"column":25},"end":{"line":283,"column":null}},"type":"cond-expr","locations":[{"start":{"line":283,"column":33},"end":{"line":283,"column":43}},{"start":{"line":283,"column":43},"end":{"line":283,"column":null}}],"line":283},"24":{"loc":{"start":{"line":287,"column":10},"end":{"line":289,"column":null}},"type":"cond-expr","locations":[{"start":{"line":288,"column":14},"end":{"line":288,"column":null}},{"start":{"line":289,"column":14},"end":{"line":289,"column":null}}],"line":287},"25":{"loc":{"start":{"line":295,"column":11},"end":{"line":295,"column":null}},"type":"binary-expr","locations":[{"start":{"line":295,"column":11},"end":{"line":295,"column":20}},{"start":{"line":295,"column":20},"end":{"line":295,"column":null}}],"line":295},"26":{"loc":{"start":{"line":337,"column":9},"end":{"line":337,"column":null}},"type":"binary-expr","locations":[{"start":{"line":337,"column":9},"end":{"line":337,"column":18}},{"start":{"line":337,"column":18},"end":{"line":337,"column":null}}],"line":337},"27":{"loc":{"start":{"line":338,"column":9},"end":{"line":343,"column":null}},"type":"cond-expr","locations":[{"start":{"line":339,"column":10},"end":{"line":341,"column":null}},{"start":{"line":343,"column":10},"end":{"line":343,"column":null}}],"line":338},"28":{"loc":{"start":{"line":358,"column":48},"end":{"line":358,"column":64}},"type":"default-arg","locations":[{"start":{"line":358,"column":59},"end":{"line":358,"column":64}}],"line":358},"29":{"loc":{"start":{"line":394,"column":8},"end":{"line":396,"column":null}},"type":"cond-expr","locations":[{"start":{"line":395,"column":12},"end":{"line":395,"column":null}},{"start":{"line":396,"column":12},"end":{"line":396,"column":null}}],"line":394}},"s":{"0":59,"1":1,"2":15,"3":15,"4":15,"5":1,"6":1,"7":6,"8":1,"9":1,"10":3,"11":1,"12":1,"13":5,"14":2,"15":1,"16":1,"17":0,"18":1,"19":0,"20":1,"21":0,"22":0,"23":1,"24":0,"25":1,"26":1,"27":6,"28":6,"29":1,"30":1,"31":0,"32":0,"33":0,"34":0,"35":0,"36":0,"37":0,"38":0,"39":0,"40":0,"41":0,"42":0,"43":0,"44":0,"45":0,"46":0,"47":0,"48":0,"49":0,"50":0,"51":0,"52":0,"53":0,"54":0,"55":0,"56":0,"57":0,"58":0,"59":0,"60":0,"61":0,"62":0,"63":0,"64":0,"65":0,"66":0,"67":0,"68":0,"69":0,"70":0,"71":0,"72":0,"73":0,"74":0,"75":0,"76":0,"77":0,"78":0,"79":1,"80":0,"81":1,"82":1,"83":0,"84":0,"85":1,"86":0,"87":0,"88":0,"89":0,"90":0,"91":0,"92":0,"93":0,"94":0,"95":0,"96":0,"97":0,"98":0,"99":0,"100":1,"101":0,"102":0,"103":0,"104":0,"105":0,"106":0,"107":0,"108":0,"109":0,"110":0,"111":0,"112":0,"113":0,"114":0},"f":{"0":59,"1":15,"2":6,"3":3,"4":5,"5":2,"6":0,"7":0,"8":0,"9":0,"10":0,"11":6,"12":0,"13":0,"14":0,"15":0,"16":0,"17":0,"18":0,"19":0,"20":0,"21":0,"22":0,"23":0,"24":0,"25":0,"26":0,"27":0,"28":0,"29":0,"30":0,"31":0,"32":0,"33":0,"34":0,"35":0,"36":0,"37":0,"38":0},"b":{"0":[15],"1":[15],"2":[15,13],"3":[15,2],"4":[15,2],"5":[2,13],"6":[2,3],"7":[2,3],"8":[0,0],"9":[6],"10":[6],"11":[6,0],"12":[0,0],"13":[0,0],"14":[0,0],"15":[0,0],"16":[0,0],"17":[0,0],"18":[0,0],"19":[0,0],"20":[0,0],"21":[0,0],"22":[0,0],"23":[0,0],"24":[0,0],"25":[0,0],"26":[0,0],"27":[0,0],"28":[0],"29":[0,0]},"meta":{"lastBranch":30,"lastFunction":39,"lastStatement":115,"seen":{"f:7:16:7:22":0,"s:8:2:8:Infinity":0,"s:18:22:58:Infinity":1,"f:19:2:19:3":1,"b:19:26:19:37":0,"b:19:44:19:50":1,"s:20:21:26:Infinity":2,"s:27:18:32:Infinity":3,"s:33:4:55:Infinity":4,"b:36:18:36:30:36:30:36:Infinity":2,"b:41:10:41:21:41:21:41:Infinity":3,"b:46:9:46:Infinity:47:10:52:Infinity":4,"b:54:115:54:129:54:129:54:142":5,"s:59:0:59:Infinity":5,"s:62:21:76:Infinity":6,"f:63:2:63:3":2,"s:64:4:73:Infinity":7,"s:77:0:77:Infinity":8,"s:80:21:88:Infinity":9,"f:81:2:81:3":3,"s:82:4:86:Infinity":10,"s:89:0:89:Infinity":11,"s:92:22:118:Infinity":12,"f:93:2:93:3":4,"s:94:4:116:Infinity":13,"f:98:15:98:21":5,"s:98:21:98:Infinity":14,"b:101:18:101:46:101:46:101:Infinity":6,"b:111:14:111:Infinity:112:14:112:Infinity":7,"s:119:0:119:Infinity":15,"s:122:20:124:Infinity":16,"f:122:20:122:21":6,"s:123:2:123:Infinity":17,"s:126:24:129:Infinity":18,"f:126:24:126:25":7,"s:127:2:129:Infinity":19,"s:138:27:150:Infinity":20,"f:138:27:138:28":8,"s:139:2:150:Infinity":21,"f:140:13:140:19":9,"s:140:19:140:Infinity":22,"b:144:10:144:Infinity:145:10:145:Infinity":8,"s:154:20:160:Infinity":23,"f:154:91:154:92":10,"s:155:2:159:Infinity":24,"s:161:0:161:Infinity":25,"s:169:21:192:Infinity":26,"f:170:2:170:3":11,"b:170:26:170:37":9,"b:170:47:170:54":10,"s:171:21:178:Infinity":27,"s:179:4:189:Infinity":28,"b:185:10:185:21:185:21:185:Infinity":11,"s:193:0:193:Infinity":29,"s:196:22:310:Infinity":30,"f:196:22:196:23":12,"s:197:20:197:Infinity":31,"s:198:18:198:Infinity":32,"s:199:40:199:Infinity":33,"s:200:42:200:Infinity":34,"s:203:2:214:Infinity":35,"f:203:18:203:24":13,"b:204:4:213:Infinity:208:11:213:Infinity":12,"s:204:4:213:Infinity":36,"s:205:6:205:Infinity":37,"s:207:6:207:Infinity":38,"f:207:28:207:34":14,"s:207:34:207:54":39,"s:209:6:209:Infinity":40,"s:211:20:211:Infinity":41,"f:211:31:211:37":15,"s:211:37:211:61":42,"s:212:6:212:Infinity":43,"f:212:13:212:19":16,"s:212:19:212:Infinity":44,"s:217:2:266:Infinity":45,"f:217:18:217:24":17,"b:218:4:218:Infinity:undefined:undefined:undefined:undefined":13,"s:218:4:218:Infinity":46,"s:218:15:218:Infinity":47,"s:220:19:220:Infinity":48,"b:221:4:221:Infinity:undefined:undefined:undefined:undefined":14,"s:221:4:221:Infinity":49,"s:221:17:221:Infinity":50,"s:224:30:224:Infinity":51,"s:227:23:227:Infinity":52,"f:227:34:227:40":18,"s:227:40:227:56":53,"s:230:26:252:Infinity":54,"f:230:26:230:27":19,"b:231:6:234:Infinity:undefined:undefined:undefined:undefined":15,"s:231:6:234:Infinity":55,"s:232:8:232:Infinity":56,"s:233:8:233:Infinity":57,"b:237:6:251:Infinity:undefined:undefined:undefined:undefined":16,"s:237:6:251:Infinity":58,"s:238:34:240:Infinity":59,"s:241:29:241:Infinity":60,"s:242:28:242:Infinity":61,"b:244:8:250:Infinity:247:8:250:Infinity":17,"s:244:8:250:Infinity":62,"b:244:12:244:26:244:26:244:67":18,"s:245:10:245:Infinity":63,"s:246:10:246:Infinity":64,"b:247:8:250:Infinity:undefined:undefined:undefined:undefined":19,"s:247:8:250:Infinity":65,"b:247:19:247:34:247:34:247:74":20,"s:248:10:248:Infinity":66,"s:249:10:249:Infinity":67,"s:254:4:254:Infinity":68,"s:257:4:257:Infinity":69,"s:259:4:265:Infinity":70,"f:259:11:259:17":20,"s:260:6:260:Infinity":71,"s:261:6:261:Infinity":72,"s:262:6:262:Infinity":73,"s:264:6:264:Infinity":74,"b:268:2:268:Infinity:undefined:undefined:undefined:undefined":21,"s:268:2:268:Infinity":75,"s:268:21:268:Infinity":76,"s:270:2:308:Infinity":77,"b:274:22:274:55:274:55:274:Infinity":22,"b:283:33:283:43:283:43:283:Infinity":23,"b:288:14:288:Infinity:289:14:289:Infinity":24,"f:292:17:292:18":21,"s:292:24:292:Infinity":78,"b:295:11:295:20:295:20:295:Infinity":25,"s:313:24:324:Infinity":79,"f:314:2:314:3":22,"s:315:4:322:Infinity":80,"s:325:0:325:Infinity":81,"s:333:26:347:Infinity":82,"f:333:26:333:27":23,"s:334:2:347:Infinity":83,"f:335:15:335:16":24,"s:336:6:345:Infinity":84,"b:337:9:337:18:337:18:337:Infinity":26,"b:339:10:341:Infinity:343:10:343:Infinity":27,"s:358:21:411:Infinity":85,"f:358:21:358:22":25,"b:358:59:358:64":28,"s:359:36:359:Infinity":86,"s:361:2:368:Infinity":87,"f:361:18:361:24":26,"s:362:22:362:Infinity":88,"f:362:33:362:39":27,"s:362:39:362:59":89,"s:363:23:363:Infinity":90,"s:364:4:367:Infinity":91,"f:364:11:364:17":28,"s:365:6:365:Infinity":92,"s:366:6:366:Infinity":93,"s:370:22:373:Infinity":94,"f:370:22:370:28":29,"s:371:4:371:Infinity":95,"s:372:4:372:Infinity":96,"s:375:16:380:Infinity":97,"s:382:17:387:Infinity":98,"s:389:2:409:Infinity":99,"b:395:12:395:Infinity:396:12:396:Infinity":29,"s:414:24:441:Infinity":100,"f:414:24:414:30":30,"s:415:30:415:Infinity":101,"s:417:20:420:Infinity":102,"f:417:38:417:39":31,"s:418:15:418:Infinity":103,"s:419:4:419:Infinity":104,"f:419:14:419:22":32,"s:419:22:419:54":105,"s:422:22:424:Infinity":106,"f:422:40:422:41":33,"s:423:4:423:Infinity":107,"f:423:14:423:22":34,"s:423:22:423:51":108,"f:423:34:423:39":35,"s:423:39:423:50":109,"s:426:25:437:Infinity":110,"f:426:25:426:Infinity":36,"s:427:4:437:Infinity":111,"f:428:18:428:19":37,"s:429:8:435:Infinity":112,"f:433:21:433:27":38,"s:433:27:433:Infinity":113,"s:440:2:440:Infinity":114}}}
,"/Users/galtibet/Apps/clinicALL/contexts/AuthContext.tsx": {"path":"/Users/galtibet/Apps/clinicALL/contexts/AuthContext.tsx","statementMap":{"0":{"start":{"line":6,"column":6},"end":{"line":6,"column":null}},"1":{"start":{"line":53,"column":6},"end":{"line":53,"column":null}},"2":{"start":{"line":56,"column":22},"end":{"line":56,"column":null}},"3":{"start":{"line":57,"column":28},"end":{"line":57,"column":null}},"4":{"start":{"line":58,"column":28},"end":{"line":58,"column":null}},"5":{"start":{"line":59,"column":28},"end":{"line":59,"column":null}},"6":{"start":{"line":60,"column":8},"end":{"line":60,"column":null}},"7":{"start":{"line":62,"column":2},"end":{"line":122,"column":null}},"8":{"start":{"line":63,"column":4},"end":{"line":66,"column":null}},"9":{"start":{"line":64,"column":6},"end":{"line":64,"column":null}},"10":{"start":{"line":65,"column":6},"end":{"line":65,"column":null}},"11":{"start":{"line":69,"column":22},"end":{"line":72,"column":null}},"12":{"start":{"line":70,"column":6},"end":{"line":70,"column":null}},"13":{"start":{"line":71,"column":6},"end":{"line":71,"column":null}},"14":{"start":{"line":75,"column":21},"end":{"line":99,"column":null}},"15":{"start":{"line":76,"column":6},"end":{"line":98,"column":null}},"16":{"start":{"line":77,"column":45},"end":{"line":77,"column":null}},"17":{"start":{"line":78,"column":8},"end":{"line":78,"column":null}},"18":{"start":{"line":80,"column":8},"end":{"line":84,"column":null}},"19":{"start":{"line":81,"column":10},"end":{"line":81,"column":null}},"20":{"start":{"line":82,"column":10},"end":{"line":82,"column":null}},"21":{"start":{"line":83,"column":10},"end":{"line":83,"column":null}},"22":{"start":{"line":86,"column":8},"end":{"line":86,"column":null}},"23":{"start":{"line":87,"column":8},"end":{"line":87,"column":null}},"24":{"start":{"line":89,"column":8},"end":{"line":93,"column":null}},"25":{"start":{"line":90,"column":10},"end":{"line":90,"column":null}},"26":{"start":{"line":92,"column":10},"end":{"line":92,"column":null}},"27":{"start":{"line":95,"column":8},"end":{"line":95,"column":null}},"28":{"start":{"line":96,"column":8},"end":{"line":96,"column":null}},"29":{"start":{"line":97,"column":8},"end":{"line":97,"column":null}},"30":{"start":{"line":101,"column":4},"end":{"line":101,"column":null}},"31":{"start":{"line":104,"column":39},"end":{"line":116,"column":null}},"32":{"start":{"line":106,"column":8},"end":{"line":106,"column":null}},"33":{"start":{"line":107,"column":8},"end":{"line":107,"column":null}},"34":{"start":{"line":109,"column":8},"end":{"line":114,"column":null}},"35":{"start":{"line":110,"column":10},"end":{"line":110,"column":null}},"36":{"start":{"line":112,"column":10},"end":{"line":112,"column":null}},"37":{"start":{"line":113,"column":10},"end":{"line":113,"column":null}},"38":{"start":{"line":118,"column":4},"end":{"line":121,"column":null}},"39":{"start":{"line":119,"column":6},"end":{"line":119,"column":null}},"40":{"start":{"line":120,"column":6},"end":{"line":120,"column":null}},"41":{"start":{"line":124,"column":23},"end":{"line":142,"column":null}},"42":{"start":{"line":125,"column":4},"end":{"line":141,"column":null}},"43":{"start":{"line":126,"column":30},"end":{"line":130,"column":null}},"44":{"start":{"line":132,"column":6},"end":{"line":136,"column":null}},"45":{"start":{"line":133,"column":8},"end":{"line":133,"column":null}},"46":{"start":{"line":134,"column":6},"end":{"line":136,"column":null}},"47":{"start":{"line":135,"column":8},"end":{"line":135,"column":null}},"48":{"start":{"line":138,"column":6},"end":{"line":138,"column":null}},"49":{"start":{"line":140,"column":6},"end":{"line":140,"column":null}},"50":{"start":{"line":144,"column":17},"end":{"line":163,"column":null}},"51":{"start":{"line":145,"column":4},"end":{"line":156,"column":null}},"52":{"start":{"line":147,"column":6},"end":{"line":147,"column":null}},"53":{"start":{"line":148,"column":6},"end":{"line":154,"column":null}},"54":{"start":{"line":155,"column":6},"end":{"line":155,"column":null}},"55":{"start":{"line":158,"column":22},"end":{"line":161,"column":null}},"56":{"start":{"line":162,"column":4},"end":{"line":162,"column":null}},"57":{"start":{"line":165,"column":17},"end":{"line":197,"column":null}},"58":{"start":{"line":166,"column":4},"end":{"line":168,"column":null}},"59":{"start":{"line":167,"column":6},"end":{"line":167,"column":null}},"60":{"start":{"line":170,"column":22},"end":{"line":195,"column":null}},"61":{"start":{"line":196,"column":4},"end":{"line":196,"column":null}},"62":{"start":{"line":199,"column":18},"end":{"line":239,"column":null}},"63":{"start":{"line":200,"column":4},"end":{"line":200,"column":null}},"64":{"start":{"line":202,"column":4},"end":{"line":238,"column":null}},"65":{"start":{"line":204,"column":27},"end":{"line":208,"column":null}},"66":{"start":{"line":205,"column":8},"end":{"line":207,"column":null}},"67":{"start":{"line":209,"column":6},"end":{"line":209,"column":null}},"68":{"start":{"line":209,"column":34},"end":{"line":209,"column":62}},"69":{"start":{"line":212,"column":6},"end":{"line":222,"column":null}},"70":{"start":{"line":213,"column":26},"end":{"line":213,"column":null}},"71":{"start":{"line":214,"column":8},"end":{"line":221,"column":null}},"72":{"start":{"line":215,"column":10},"end":{"line":215,"column":null}},"73":{"start":{"line":217,"column":10},"end":{"line":217,"column":null}},"74":{"start":{"line":218,"column":10},"end":{"line":218,"column":null}},"75":{"start":{"line":219,"column":10},"end":{"line":219,"column":null}},"76":{"start":{"line":220,"column":10},"end":{"line":220,"column":null}},"77":{"start":{"line":225,"column":6},"end":{"line":225,"column":null}},"78":{"start":{"line":226,"column":6},"end":{"line":226,"column":null}},"79":{"start":{"line":227,"column":6},"end":{"line":227,"column":null}},"80":{"start":{"line":229,"column":6},"end":{"line":229,"column":null}},"81":{"start":{"line":230,"column":6},"end":{"line":230,"column":null}},"82":{"start":{"line":232,"column":6},"end":{"line":232,"column":null}},"83":{"start":{"line":234,"column":6},"end":{"line":234,"column":null}},"84":{"start":{"line":235,"column":6},"end":{"line":235,"column":null}},"85":{"start":{"line":236,"column":6},"end":{"line":236,"column":null}},"86":{"start":{"line":237,"column":6},"end":{"line":237,"column":null}},"87":{"start":{"line":241,"column":24},"end":{"line":250,"column":null}},"88":{"start":{"line":242,"column":4},"end":{"line":244,"column":null}},"89":{"start":{"line":243,"column":6},"end":{"line":243,"column":null}},"90":{"start":{"line":246,"column":22},"end":{"line":248,"column":null}},"91":{"start":{"line":249,"column":4},"end":{"line":249,"column":null}},"92":{"start":{"line":252,"column":25},"end":{"line":266,"column":null}},"93":{"start":{"line":253,"column":4},"end":{"line":255,"column":null}},"94":{"start":{"line":254,"column":6},"end":{"line":254,"column":null}},"95":{"start":{"line":257,"column":4},"end":{"line":265,"column":null}},"96":{"start":{"line":258,"column":24},"end":{"line":260,"column":null}},"97":{"start":{"line":261,"column":6},"end":{"line":261,"column":null}},"98":{"start":{"line":263,"column":6},"end":{"line":263,"column":null}},"99":{"start":{"line":264,"column":6},"end":{"line":264,"column":null}},"100":{"start":{"line":268,"column":2},"end":{"line":282,"column":null}},"101":{"start":{"line":286,"column":23},"end":{"line":292,"column":null}},"102":{"start":{"line":287,"column":8},"end":{"line":287,"column":null}},"103":{"start":{"line":288,"column":2},"end":{"line":290,"column":null}},"104":{"start":{"line":289,"column":4},"end":{"line":289,"column":null}},"105":{"start":{"line":291,"column":2},"end":{"line":291,"column":null}}},"fnMap":{"0":{"name":"AuthProvider","decl":{"start":{"line":55,"column":16},"end":{"line":55,"column":29}},"loc":{"start":{"line":55,"column":68},"end":{"line":284,"column":null}},"line":55},"1":{"name":"(anonymous_1)","decl":{"start":{"line":62,"column":12},"end":{"line":62,"column":18}},"loc":{"start":{"line":62,"column":18},"end":{"line":122,"column":5}},"line":62},"2":{"name":"(anonymous_2)","decl":{"start":{"line":69,"column":33},"end":{"line":69,"column":39}},"loc":{"start":{"line":69,"column":39},"end":{"line":72,"column":7}},"line":69},"3":{"name":"(anonymous_3)","decl":{"start":{"line":75,"column":21},"end":{"line":75,"column":33}},"loc":{"start":{"line":75,"column":33},"end":{"line":99,"column":null}},"line":75},"4":{"name":"(anonymous_4)","decl":{"start":{"line":105,"column":6},"end":{"line":105,"column":13}},"loc":{"start":{"line":105,"column":33},"end":{"line":115,"column":null}},"line":105},"5":{"name":"(anonymous_5)","decl":{"start":{"line":118,"column":11},"end":{"line":118,"column":17}},"loc":{"start":{"line":118,"column":17},"end":{"line":121,"column":null}},"line":118},"6":{"name":"(anonymous_6)","decl":{"start":{"line":124,"column":23},"end":{"line":124,"column":30}},"loc":{"start":{"line":124,"column":49},"end":{"line":142,"column":null}},"line":124},"7":{"name":"(anonymous_7)","decl":{"start":{"line":144,"column":17},"end":{"line":144,"column":24}},"loc":{"start":{"line":144,"column":60},"end":{"line":163,"column":null}},"line":144},"8":{"name":"(anonymous_8)","decl":{"start":{"line":165,"column":17},"end":{"line":165,"column":24}},"loc":{"start":{"line":165,"column":45},"end":{"line":197,"column":null}},"line":165},"9":{"name":"(anonymous_9)","decl":{"start":{"line":199,"column":18},"end":{"line":199,"column":64}},"loc":{"start":{"line":199,"column":64},"end":{"line":239,"column":null}},"line":199},"10":{"name":"(anonymous_10)","decl":{"start":{"line":204,"column":60},"end":{"line":204,"column":null}},"loc":{"start":{"line":205,"column":8},"end":{"line":207,"column":null}},"line":205},"11":{"name":"(anonymous_11)","decl":{"start":{"line":209,"column":27},"end":{"line":209,"column":34}},"loc":{"start":{"line":209,"column":34},"end":{"line":209,"column":62}},"line":209},"12":{"name":"(anonymous_12)","decl":{"start":{"line":241,"column":24},"end":{"line":241,"column":31}},"loc":{"start":{"line":241,"column":49},"end":{"line":250,"column":null}},"line":241},"13":{"name":"(anonymous_13)","decl":{"start":{"line":252,"column":25},"end":{"line":252,"column":32}},"loc":{"start":{"line":252,"column":56},"end":{"line":266,"column":null}},"line":252},"14":{"name":"(anonymous_14)","decl":{"start":{"line":286,"column":23},"end":{"line":286,"column":29}},"loc":{"start":{"line":286,"column":29},"end":{"line":292,"column":null}},"line":286}},"branchMap":{"0":{"loc":{"start":{"line":63,"column":4},"end":{"line":66,"column":null}},"type":"if","locations":[{"start":{"line":63,"column":4},"end":{"line":66,"column":null}},{"start":{},"end":{}}],"line":63},"1":{"loc":{"start":{"line":80,"column":8},"end":{"line":84,"column":null}},"type":"if","locations":[{"start":{"line":80,"column":8},"end":{"line":84,"column":null}},{"start":{},"end":{}}],"line":80},"2":{"loc":{"start":{"line":87,"column":16},"end":{"line":87,"column":37}},"type":"binary-expr","locations":[{"start":{"line":87,"column":16},"end":{"line":87,"column":33}},{"start":{"line":87,"column":33},"end":{"line":87,"column":37}}],"line":87},"3":{"loc":{"start":{"line":89,"column":8},"end":{"line":93,"column":null}},"type":"if","locations":[{"start":{"line":89,"column":8},"end":{"line":93,"column":null}},{"start":{"line":91,"column":15},"end":{"line":93,"column":null}}],"line":89},"4":{"loc":{"start":{"line":107,"column":16},"end":{"line":107,"column":37}},"type":"binary-expr","locations":[{"start":{"line":107,"column":16},"end":{"line":107,"column":33}},{"start":{"line":107,"column":33},"end":{"line":107,"column":37}}],"line":107},"5":{"loc":{"start":{"line":109,"column":8},"end":{"line":114,"column":null}},"type":"if","locations":[{"start":{"line":109,"column":8},"end":{"line":114,"column":null}},{"start":{"line":111,"column":15},"end":{"line":114,"column":null}}],"line":109},"6":{"loc":{"start":{"line":132,"column":6},"end":{"line":136,"column":null}},"type":"if","locations":[{"start":{"line":132,"column":6},"end":{"line":136,"column":null}},{"start":{"line":134,"column":6},"end":{"line":136,"column":null}}],"line":132},"7":{"loc":{"start":{"line":132,"column":10},"end":{"line":132,"column":26}},"type":"binary-expr","locations":[{"start":{"line":132,"column":10},"end":{"line":132,"column":20}},{"start":{"line":132,"column":20},"end":{"line":132,"column":26}}],"line":132},"8":{"loc":{"start":{"line":134,"column":6},"end":{"line":136,"column":null}},"type":"if","locations":[{"start":{"line":134,"column":6},"end":{"line":136,"column":null}},{"start":{},"end":{}}],"line":134},"9":{"loc":{"start":{"line":145,"column":4},"end":{"line":156,"column":null}},"type":"if","locations":[{"start":{"line":145,"column":4},"end":{"line":156,"column":null}},{"start":{},"end":{}}],"line":145},"10":{"loc":{"start":{"line":166,"column":4},"end":{"line":168,"column":null}},"type":"if","locations":[{"start":{"line":166,"column":4},"end":{"line":168,"column":null}},{"start":{},"end":{}}],"line":166},"11":{"loc":{"start":{"line":205,"column":8},"end":{"line":207,"column":null}},"type":"binary-expr","locations":[{"start":{"line":205,"column":8},"end":{"line":205,"column":null}},{"start":{"line":206,"column":8},"end":{"line":206,"column":null}},{"start":{"line":207,"column":8},"end":{"line":207,"column":null}}],"line":205},"12":{"loc":{"start":{"line":212,"column":6},"end":{"line":222,"column":null}},"type":"if","locations":[{"start":{"line":212,"column":6},"end":{"line":222,"column":null}},{"start":{},"end":{}}],"line":212},"13":{"loc":{"start":{"line":214,"column":8},"end":{"line":221,"column":null}},"type":"if","locations":[{"start":{"line":214,"column":8},"end":{"line":221,"column":null}},{"start":{},"end":{}}],"line":214},"14":{"loc":{"start":{"line":242,"column":4},"end":{"line":244,"column":null}},"type":"if","locations":[{"start":{"line":242,"column":4},"end":{"line":244,"column":null}},{"start":{},"end":{}}],"line":242},"15":{"loc":{"start":{"line":253,"column":4},"end":{"line":255,"column":null}},"type":"if","locations":[{"start":{"line":253,"column":4},"end":{"line":255,"column":null}},{"start":{},"end":{}}],"line":253},"16":{"loc":{"start":{"line":288,"column":2},"end":{"line":290,"column":null}},"type":"if","locations":[{"start":{"line":288,"column":2},"end":{"line":290,"column":null}},{"start":{},"end":{}}],"line":288}},"s":{"0":1,"1":1,"2":24,"3":24,"4":24,"5":24,"6":24,"7":24,"8":10,"9":10,"10":10,"11":0,"12":0,"13":0,"14":0,"15":0,"16":0,"17":0,"18":0,"19":0,"20":0,"21":0,"22":0,"23":0,"24":0,"25":0,"26":0,"27":0,"28":0,"29":0,"30":0,"31":0,"32":0,"33":0,"34":0,"35":0,"36":0,"37":0,"38":0,"39":0,"40":0,"41":24,"42":0,"43":0,"44":0,"45":0,"46":0,"47":0,"48":0,"49":0,"50":24,"51":2,"52":2,"53":2,"54":2,"55":0,"56":0,"57":24,"58":1,"59":1,"60":0,"61":0,"62":24,"63":2,"64":2,"65":2,"66":8,"67":2,"68":0,"69":2,"70":0,"71":0,"72":0,"73":0,"74":0,"75":0,"76":0,"77":2,"78":2,"79":2,"80":2,"81":2,"82":0,"83":0,"84":0,"85":0,"86":0,"87":24,"88":1,"89":1,"90":0,"91":0,"92":24,"93":1,"94":1,"95":0,"96":0,"97":0,"98":0,"99":0,"100":24,"101":1,"102":23,"103":23,"104":2,"105":21},"f":{"0":24,"1":10,"2":0,"3":0,"4":0,"5":0,"6":0,"7":2,"8":1,"9":2,"10":8,"11":0,"12":1,"13":1,"14":23},"b":{"0":[10,0],"1":[0,0],"2":[0,0],"3":[0,0],"4":[0,0],"5":[0,0],"6":[0,0],"7":[0,0],"8":[0,0],"9":[2,0],"10":[1,0],"11":[8,8,8],"12":[0,2],"13":[0,0],"14":[1,0],"15":[1,0],"16":[2,21]},"meta":{"lastBranch":17,"lastFunction":15,"lastStatement":106,"seen":{"s:6:6:6:Infinity":0,"s:53:6:53:Infinity":1,"f:55:16:55:29":0,"s:56:22:56:Infinity":2,"s:57:28:57:Infinity":3,"s:58:28:58:Infinity":4,"s:59:28:59:Infinity":5,"s:60:8:60:Infinity":6,"s:62:2:122:Infinity":7,"f:62:12:62:18":1,"b:63:4:66:Infinity:undefined:undefined:undefined:undefined":0,"s:63:4:66:Infinity":8,"s:64:6:64:Infinity":9,"s:65:6:65:Infinity":10,"s:69:22:72:Infinity":11,"f:69:33:69:39":2,"s:70:6:70:Infinity":12,"s:71:6:71:Infinity":13,"s:75:21:99:Infinity":14,"f:75:21:75:33":3,"s:76:6:98:Infinity":15,"s:77:45:77:Infinity":16,"s:78:8:78:Infinity":17,"b:80:8:84:Infinity:undefined:undefined:undefined:undefined":1,"s:80:8:84:Infinity":18,"s:81:10:81:Infinity":19,"s:82:10:82:Infinity":20,"s:83:10:83:Infinity":21,"s:86:8:86:Infinity":22,"s:87:8:87:Infinity":23,"b:87:16:87:33:87:33:87:37":2,"b:89:8:93:Infinity:91:15:93:Infinity":3,"s:89:8:93:Infinity":24,"s:90:10:90:Infinity":25,"s:92:10:92:Infinity":26,"s:95:8:95:Infinity":27,"s:96:8:96:Infinity":28,"s:97:8:97:Infinity":29,"s:101:4:101:Infinity":30,"s:104:39:116:Infinity":31,"f:105:6:105:13":4,"s:106:8:106:Infinity":32,"s:107:8:107:Infinity":33,"b:107:16:107:33:107:33:107:37":4,"b:109:8:114:Infinity:111:15:114:Infinity":5,"s:109:8:114:Infinity":34,"s:110:10:110:Infinity":35,"s:112:10:112:Infinity":36,"s:113:10:113:Infinity":37,"s:118:4:121:Infinity":38,"f:118:11:118:17":5,"s:119:6:119:Infinity":39,"s:120:6:120:Infinity":40,"s:124:23:142:Infinity":41,"f:124:23:124:30":6,"s:125:4:141:Infinity":42,"s:126:30:130:Infinity":43,"b:132:6:136:Infinity:134:6:136:Infinity":6,"s:132:6:136:Infinity":44,"b:132:10:132:20:132:20:132:26":7,"s:133:8:133:Infinity":45,"b:134:6:136:Infinity:undefined:undefined:undefined:undefined":8,"s:134:6:136:Infinity":46,"s:135:8:135:Infinity":47,"s:138:6:138:Infinity":48,"s:140:6:140:Infinity":49,"s:144:17:163:Infinity":50,"f:144:17:144:24":7,"b:145:4:156:Infinity:undefined:undefined:undefined:undefined":9,"s:145:4:156:Infinity":51,"s:147:6:147:Infinity":52,"s:148:6:154:Infinity":53,"s:155:6:155:Infinity":54,"s:158:22:161:Infinity":55,"s:162:4:162:Infinity":56,"s:165:17:197:Infinity":57,"f:165:17:165:24":8,"b:166:4:168:Infinity:undefined:undefined:undefined:undefined":10,"s:166:4:168:Infinity":58,"s:167:6:167:Infinity":59,"s:170:22:195:Infinity":60,"s:196:4:196:Infinity":61,"s:199:18:239:Infinity":62,"f:199:18:199:64":9,"s:200:4:200:Infinity":63,"s:202:4:238:Infinity":64,"s:204:27:208:Infinity":65,"f:204:60:204:Infinity":10,"s:205:8:207:Infinity":66,"b:205:8:205:Infinity:206:8:206:Infinity:207:8:207:Infinity":11,"s:209:6:209:Infinity":67,"f:209:27:209:34":11,"s:209:34:209:62":68,"b:212:6:222:Infinity:undefined:undefined:undefined:undefined":12,"s:212:6:222:Infinity":69,"s:213:26:213:Infinity":70,"b:214:8:221:Infinity:undefined:undefined:undefined:undefined":13,"s:214:8:221:Infinity":71,"s:215:10:215:Infinity":72,"s:217:10:217:Infinity":73,"s:218:10:218:Infinity":74,"s:219:10:219:Infinity":75,"s:220:10:220:Infinity":76,"s:225:6:225:Infinity":77,"s:226:6:226:Infinity":78,"s:227:6:227:Infinity":79,"s:229:6:229:Infinity":80,"s:230:6:230:Infinity":81,"s:232:6:232:Infinity":82,"s:234:6:234:Infinity":83,"s:235:6:235:Infinity":84,"s:236:6:236:Infinity":85,"s:237:6:237:Infinity":86,"s:241:24:250:Infinity":87,"f:241:24:241:31":12,"b:242:4:244:Infinity:undefined:undefined:undefined:undefined":14,"s:242:4:244:Infinity":88,"s:243:6:243:Infinity":89,"s:246:22:248:Infinity":90,"s:249:4:249:Infinity":91,"s:252:25:266:Infinity":92,"f:252:25:252:32":13,"b:253:4:255:Infinity:undefined:undefined:undefined:undefined":15,"s:253:4:255:Infinity":93,"s:254:6:254:Infinity":94,"s:257:4:265:Infinity":95,"s:258:24:260:Infinity":96,"s:261:6:261:Infinity":97,"s:263:6:263:Infinity":98,"s:264:6:264:Infinity":99,"s:268:2:282:Infinity":100,"s:286:23:292:Infinity":101,"f:286:23:286:29":14,"s:287:8:287:Infinity":102,"b:288:2:290:Infinity:undefined:undefined:undefined:undefined":16,"s:288:2:290:Infinity":103,"s:289:4:289:Infinity":104,"s:291:2:291:Infinity":105}}}
,"/Users/galtibet/Apps/clinicALL/hooks/useAppointments.ts": {"path":"/Users/galtibet/Apps/clinicALL/hooks/useAppointments.ts","statementMap":{"0":{"start":{"line":9,"column":6},"end":{"line":9,"column":null}},"1":{"start":{"line":42,"column":38},"end":{"line":42,"column":null}},"2":{"start":{"line":43,"column":28},"end":{"line":43,"column":null}},"3":{"start":{"line":44,"column":24},"end":{"line":44,"column":null}},"4":{"start":{"line":45,"column":18},"end":{"line":45,"column":null}},"5":{"start":{"line":47,"column":8},"end":{"line":121,"column":null}},"6":{"start":{"line":48,"column":17},"end":{"line":48,"column":null}},"7":{"start":{"line":50,"column":4},"end":{"line":67,"column":null}},"8":{"start":{"line":52,"column":33},"end":{"line":52,"column":null}},"9":{"start":{"line":54,"column":6},"end":{"line":56,"column":null}},"10":{"start":{"line":55,"column":8},"end":{"line":55,"column":null}},"11":{"start":{"line":55,"column":64},"end":{"line":55,"column":94}},"12":{"start":{"line":57,"column":6},"end":{"line":59,"column":null}},"13":{"start":{"line":58,"column":8},"end":{"line":58,"column":null}},"14":{"start":{"line":58,"column":64},"end":{"line":58,"column":89}},"15":{"start":{"line":60,"column":6},"end":{"line":62,"column":null}},"16":{"start":{"line":61,"column":8},"end":{"line":61,"column":null}},"17":{"start":{"line":61,"column":64},"end":{"line":61,"column":87}},"18":{"start":{"line":64,"column":6},"end":{"line":64,"column":null}},"19":{"start":{"line":65,"column":6},"end":{"line":65,"column":null}},"20":{"start":{"line":66,"column":6},"end":{"line":66,"column":null}},"21":{"start":{"line":69,"column":4},"end":{"line":69,"column":null}},"22":{"start":{"line":70,"column":4},"end":{"line":70,"column":null}},"23":{"start":{"line":72,"column":4},"end":{"line":120,"column":null}},"24":{"start":{"line":73,"column":18},"end":{"line":77,"column":null}},"25":{"start":{"line":80,"column":6},"end":{"line":82,"column":null}},"26":{"start":{"line":81,"column":8},"end":{"line":81,"column":null}},"27":{"start":{"line":84,"column":6},"end":{"line":86,"column":null}},"28":{"start":{"line":85,"column":8},"end":{"line":85,"column":null}},"29":{"start":{"line":87,"column":6},"end":{"line":89,"column":null}},"30":{"start":{"line":88,"column":8},"end":{"line":88,"column":null}},"31":{"start":{"line":90,"column":6},"end":{"line":92,"column":null}},"32":{"start":{"line":91,"column":8},"end":{"line":91,"column":null}},"33":{"start":{"line":94,"column":42},"end":{"line":94,"column":null}},"34":{"start":{"line":96,"column":6},"end":{"line":96,"column":null}},"35":{"start":{"line":96,"column":22},"end":{"line":96,"column":null}},"36":{"start":{"line":99,"column":12},"end":{"line":112,"column":null}},"37":{"start":{"line":99,"column":98},"end":{"line":112,"column":8}},"38":{"start":{"line":114,"column":6},"end":{"line":114,"column":null}},"39":{"start":{"line":116,"column":6},"end":{"line":116,"column":null}},"40":{"start":{"line":117,"column":6},"end":{"line":117,"column":null}},"41":{"start":{"line":119,"column":6},"end":{"line":119,"column":null}},"42":{"start":{"line":123,"column":8},"end":{"line":155,"column":null}},"43":{"start":{"line":124,"column":4},"end":{"line":126,"column":null}},"44":{"start":{"line":125,"column":6},"end":{"line":125,"column":null}},"45":{"start":{"line":125,"column":41},"end":{"line":125,"column":52}},"46":{"start":{"line":128,"column":4},"end":{"line":154,"column":null}},"47":{"start":{"line":129,"column":42},"end":{"line":133,"column":null}},"48":{"start":{"line":135,"column":6},"end":{"line":135,"column":null}},"49":{"start":{"line":135,"column":22},"end":{"line":135,"column":null}},"50":{"start":{"line":137,"column":6},"end":{"line":150,"column":null}},"51":{"start":{"line":152,"column":6},"end":{"line":152,"column":null}},"52":{"start":{"line":153,"column":6},"end":{"line":153,"column":null}},"53":{"start":{"line":157,"column":8},"end":{"line":211,"column":null}},"54":{"start":{"line":158,"column":4},"end":{"line":167,"column":null}},"55":{"start":{"line":160,"column":42},"end":{"line":164,"column":null}},"56":{"start":{"line":165,"column":6},"end":{"line":165,"column":null}},"57":{"start":{"line":165,"column":30},"end":{"line":165,"column":55}},"58":{"start":{"line":166,"column":6},"end":{"line":166,"column":null}},"59":{"start":{"line":169,"column":4},"end":{"line":210,"column":null}},"60":{"start":{"line":170,"column":43},"end":{"line":185,"column":null}},"61":{"start":{"line":187,"column":6},"end":{"line":187,"column":null}},"62":{"start":{"line":187,"column":23},"end":{"line":187,"column":null}},"63":{"start":{"line":189,"column":42},"end":{"line":202,"column":null}},"64":{"start":{"line":204,"column":6},"end":{"line":204,"column":null}},"65":{"start":{"line":204,"column":30},"end":{"line":204,"column":55}},"66":{"start":{"line":205,"column":6},"end":{"line":205,"column":null}},"67":{"start":{"line":207,"column":6},"end":{"line":207,"column":null}},"68":{"start":{"line":208,"column":6},"end":{"line":208,"column":null}},"69":{"start":{"line":209,"column":6},"end":{"line":209,"column":null}},"70":{"start":{"line":213,"column":8},"end":{"line":265,"column":null}},"71":{"start":{"line":214,"column":4},"end":{"line":220,"column":null}},"72":{"start":{"line":216,"column":6},"end":{"line":218,"column":null}},"73":{"start":{"line":216,"column":30},"end":{"line":218,"column":7}},"74":{"start":{"line":217,"column":8},"end":{"line":217,"column":null}},"75":{"start":{"line":219,"column":6},"end":{"line":219,"column":null}},"76":{"start":{"line":219,"column":36},"end":{"line":219,"column":47}},"77":{"start":{"line":222,"column":4},"end":{"line":264,"column":null}},"78":{"start":{"line":223,"column":46},"end":{"line":223,"column":null}},"79":{"start":{"line":224,"column":6},"end":{"line":224,"column":null}},"80":{"start":{"line":224,"column":43},"end":{"line":224,"column":null}},"81":{"start":{"line":225,"column":6},"end":{"line":225,"column":null}},"82":{"start":{"line":225,"column":45},"end":{"line":225,"column":null}},"83":{"start":{"line":226,"column":6},"end":{"line":226,"column":null}},"84":{"start":{"line":226,"column":43},"end":{"line":226,"column":null}},"85":{"start":{"line":227,"column":6},"end":{"line":227,"column":null}},"86":{"start":{"line":227,"column":45},"end":{"line":227,"column":null}},"87":{"start":{"line":228,"column":6},"end":{"line":228,"column":null}},"88":{"start":{"line":228,"column":38},"end":{"line":228,"column":null}},"89":{"start":{"line":229,"column":6},"end":{"line":229,"column":null}},"90":{"start":{"line":229,"column":38},"end":{"line":229,"column":null}},"91":{"start":{"line":230,"column":6},"end":{"line":230,"column":null}},"92":{"start":{"line":230,"column":42},"end":{"line":230,"column":null}},"93":{"start":{"line":231,"column":6},"end":{"line":231,"column":null}},"94":{"start":{"line":231,"column":40},"end":{"line":231,"column":null}},"95":{"start":{"line":232,"column":6},"end":{"line":232,"column":null}},"96":{"start":{"line":232,"column":39},"end":{"line":232,"column":null}},"97":{"start":{"line":234,"column":43},"end":{"line":239,"column":null}},"98":{"start":{"line":241,"column":6},"end":{"line":241,"column":null}},"99":{"start":{"line":241,"column":23},"end":{"line":241,"column":null}},"100":{"start":{"line":243,"column":46},"end":{"line":256,"column":null}},"101":{"start":{"line":258,"column":6},"end":{"line":258,"column":null}},"102":{"start":{"line":258,"column":30},"end":{"line":258,"column":81}},"103":{"start":{"line":258,"column":44},"end":{"line":258,"column":80}},"104":{"start":{"line":259,"column":6},"end":{"line":259,"column":null}},"105":{"start":{"line":261,"column":6},"end":{"line":261,"column":null}},"106":{"start":{"line":262,"column":6},"end":{"line":262,"column":null}},"107":{"start":{"line":263,"column":6},"end":{"line":263,"column":null}},"108":{"start":{"line":267,"column":8},"end":{"line":270,"column":null}},"109":{"start":{"line":268,"column":19},"end":{"line":268,"column":null}},"110":{"start":{"line":269,"column":4},"end":{"line":269,"column":null}},"111":{"start":{"line":272,"column":8},"end":{"line":294,"column":null}},"112":{"start":{"line":273,"column":4},"end":{"line":277,"column":null}},"113":{"start":{"line":275,"column":6},"end":{"line":275,"column":null}},"114":{"start":{"line":275,"column":30},"end":{"line":275,"column":59}},"115":{"start":{"line":275,"column":47},"end":{"line":275,"column":58}},"116":{"start":{"line":276,"column":6},"end":{"line":276,"column":null}},"117":{"start":{"line":279,"column":4},"end":{"line":293,"column":null}},"118":{"start":{"line":280,"column":37},"end":{"line":283,"column":null}},"119":{"start":{"line":285,"column":6},"end":{"line":285,"column":null}},"120":{"start":{"line":285,"column":23},"end":{"line":285,"column":null}},"121":{"start":{"line":287,"column":6},"end":{"line":287,"column":null}},"122":{"start":{"line":287,"column":30},"end":{"line":287,"column":59}},"123":{"start":{"line":287,"column":47},"end":{"line":287,"column":58}},"124":{"start":{"line":288,"column":6},"end":{"line":288,"column":null}},"125":{"start":{"line":290,"column":6},"end":{"line":290,"column":null}},"126":{"start":{"line":291,"column":6},"end":{"line":291,"column":null}},"127":{"start":{"line":292,"column":6},"end":{"line":292,"column":null}},"128":{"start":{"line":297,"column":2},"end":{"line":299,"column":null}},"129":{"start":{"line":298,"column":4},"end":{"line":298,"column":null}},"130":{"start":{"line":301,"column":2},"end":{"line":311,"column":null}}},"fnMap":{"0":{"name":"useAppointments","decl":{"start":{"line":41,"column":16},"end":{"line":41,"column":32}},"loc":{"start":{"line":41,"column":83},"end":{"line":312,"column":null}},"line":41},"1":{"name":"(anonymous_1)","decl":{"start":{"line":47,"column":40},"end":{"line":47,"column":47}},"loc":{"start":{"line":47,"column":89},"end":{"line":121,"column":5}},"line":47},"2":{"name":"(anonymous_2)","decl":{"start":{"line":55,"column":59},"end":{"line":55,"column":64}},"loc":{"start":{"line":55,"column":64},"end":{"line":55,"column":94}},"line":55},"3":{"name":"(anonymous_3)","decl":{"start":{"line":58,"column":59},"end":{"line":58,"column":64}},"loc":{"start":{"line":58,"column":64},"end":{"line":58,"column":89}},"line":58},"4":{"name":"(anonymous_4)","decl":{"start":{"line":61,"column":59},"end":{"line":61,"column":64}},"loc":{"start":{"line":61,"column":64},"end":{"line":61,"column":87}},"line":61},"5":{"name":"(anonymous_5)","decl":{"start":{"line":99,"column":90},"end":{"line":99,"column":91}},"loc":{"start":{"line":99,"column":98},"end":{"line":112,"column":8}},"line":99},"6":{"name":"(anonymous_6)","decl":{"start":{"line":123,"column":37},"end":{"line":123,"column":44}},"loc":{"start":{"line":123,"column":88},"end":{"line":155,"column":5}},"line":123},"7":{"name":"(anonymous_7)","decl":{"start":{"line":125,"column":36},"end":{"line":125,"column":41}},"loc":{"start":{"line":125,"column":41},"end":{"line":125,"column":52}},"line":125},"8":{"name":"(anonymous_8)","decl":{"start":{"line":157,"column":37},"end":{"line":157,"column":44}},"loc":{"start":{"line":157,"column":107},"end":{"line":211,"column":5}},"line":157},"9":{"name":"(anonymous_9)","decl":{"start":{"line":165,"column":22},"end":{"line":165,"column":30}},"loc":{"start":{"line":165,"column":30},"end":{"line":165,"column":55}},"line":165},"10":{"name":"(anonymous_10)","decl":{"start":{"line":204,"column":22},"end":{"line":204,"column":30}},"loc":{"start":{"line":204,"column":30},"end":{"line":204,"column":55}},"line":204},"11":{"name":"(anonymous_11)","decl":{"start":{"line":213,"column":40},"end":{"line":213,"column":47}},"loc":{"start":{"line":213,"column":127},"end":{"line":265,"column":5}},"line":213},"12":{"name":"(anonymous_12)","decl":{"start":{"line":216,"column":22},"end":{"line":216,"column":30}},"loc":{"start":{"line":216,"column":30},"end":{"line":218,"column":7}},"line":216},"13":{"name":"(anonymous_13)","decl":{"start":{"line":216,"column":39},"end":{"line":216,"column":null}},"loc":{"start":{"line":217,"column":8},"end":{"line":217,"column":null}},"line":217},"14":{"name":"(anonymous_14)","decl":{"start":{"line":219,"column":31},"end":{"line":219,"column":36}},"loc":{"start":{"line":219,"column":36},"end":{"line":219,"column":47}},"line":219},"15":{"name":"(anonymous_15)","decl":{"start":{"line":258,"column":22},"end":{"line":258,"column":30}},"loc":{"start":{"line":258,"column":30},"end":{"line":258,"column":81}},"line":258},"16":{"name":"(anonymous_16)","decl":{"start":{"line":258,"column":39},"end":{"line":258,"column":44}},"loc":{"start":{"line":258,"column":44},"end":{"line":258,"column":80}},"line":258},"17":{"name":"(anonymous_17)","decl":{"start":{"line":267,"column":35},"end":{"line":267,"column":42}},"loc":{"start":{"line":267,"column":102},"end":{"line":270,"column":5}},"line":267},"18":{"name":"(anonymous_18)","decl":{"start":{"line":272,"column":40},"end":{"line":272,"column":47}},"loc":{"start":{"line":272,"column":80},"end":{"line":294,"column":5}},"line":272},"19":{"name":"(anonymous_19)","decl":{"start":{"line":275,"column":22},"end":{"line":275,"column":30}},"loc":{"start":{"line":275,"column":30},"end":{"line":275,"column":59}},"line":275},"20":{"name":"(anonymous_20)","decl":{"start":{"line":275,"column":42},"end":{"line":275,"column":47}},"loc":{"start":{"line":275,"column":47},"end":{"line":275,"column":58}},"line":275},"21":{"name":"(anonymous_21)","decl":{"start":{"line":287,"column":22},"end":{"line":287,"column":30}},"loc":{"start":{"line":287,"column":30},"end":{"line":287,"column":59}},"line":287},"22":{"name":"(anonymous_22)","decl":{"start":{"line":287,"column":42},"end":{"line":287,"column":47}},"loc":{"start":{"line":287,"column":47},"end":{"line":287,"column":58}},"line":287},"23":{"name":"(anonymous_23)","decl":{"start":{"line":297,"column":12},"end":{"line":297,"column":18}},"loc":{"start":{"line":297,"column":18},"end":{"line":299,"column":5}},"line":297}},"branchMap":{"0":{"loc":{"start":{"line":48,"column":17},"end":{"line":48,"column":null}},"type":"binary-expr","locations":[{"start":{"line":48,"column":17},"end":{"line":48,"column":33}},{"start":{"line":48,"column":33},"end":{"line":48,"column":44}},{"start":{"line":48,"column":44},"end":{"line":48,"column":null}}],"line":48},"1":{"loc":{"start":{"line":50,"column":4},"end":{"line":67,"column":null}},"type":"if","locations":[{"start":{"line":50,"column":4},"end":{"line":67,"column":null}},{"start":{},"end":{}}],"line":50},"2":{"loc":{"start":{"line":54,"column":6},"end":{"line":56,"column":null}},"type":"if","locations":[{"start":{"line":54,"column":6},"end":{"line":56,"column":null}},{"start":{},"end":{}}],"line":54},"3":{"loc":{"start":{"line":57,"column":6},"end":{"line":59,"column":null}},"type":"if","locations":[{"start":{"line":57,"column":6},"end":{"line":59,"column":null}},{"start":{},"end":{}}],"line":57},"4":{"loc":{"start":{"line":60,"column":6},"end":{"line":62,"column":null}},"type":"if","locations":[{"start":{"line":60,"column":6},"end":{"line":62,"column":null}},{"start":{},"end":{}}],"line":60},"5":{"loc":{"start":{"line":80,"column":6},"end":{"line":82,"column":null}},"type":"if","locations":[{"start":{"line":80,"column":6},"end":{"line":82,"column":null}},{"start":{},"end":{}}],"line":80},"6":{"loc":{"start":{"line":84,"column":6},"end":{"line":86,"column":null}},"type":"if","locations":[{"start":{"line":84,"column":6},"end":{"line":86,"column":null}},{"start":{},"end":{}}],"line":84},"7":{"loc":{"start":{"line":87,"column":6},"end":{"line":89,"column":null}},"type":"if","locations":[{"start":{"line":87,"column":6},"end":{"line":89,"column":null}},{"start":{},"end":{}}],"line":87},"8":{"loc":{"start":{"line":90,"column":6},"end":{"line":92,"column":null}},"type":"if","locations":[{"start":{"line":90,"column":6},"end":{"line":92,"column":null}},{"start":{},"end":{}}],"line":90},"9":{"loc":{"start":{"line":96,"column":6},"end":{"line":96,"column":null}},"type":"if","locations":[{"start":{"line":96,"column":6},"end":{"line":96,"column":null}},{"start":{},"end":{}}],"line":96},"10":{"loc":{"start":{"line":99,"column":54},"end":{"line":99,"column":86}},"type":"binary-expr","locations":[{"start":{"line":99,"column":54},"end":{"line":99,"column":82}},{"start":{"line":99,"column":82},"end":{"line":99,"column":86}}],"line":99},"11":{"loc":{"start":{"line":102,"column":21},"end":{"line":102,"column":null}},"type":"binary-expr","locations":[{"start":{"line":102,"column":21},"end":{"line":102,"column":39}},{"start":{"line":102,"column":39},"end":{"line":102,"column":null}}],"line":102},"12":{"loc":{"start":{"line":104,"column":21},"end":{"line":104,"column":null}},"type":"binary-expr","locations":[{"start":{"line":104,"column":21},"end":{"line":104,"column":39}},{"start":{"line":104,"column":39},"end":{"line":104,"column":null}}],"line":104},"13":{"loc":{"start":{"line":108,"column":16},"end":{"line":108,"column":null}},"type":"binary-expr","locations":[{"start":{"line":108,"column":16},"end":{"line":108,"column":28}},{"start":{"line":108,"column":28},"end":{"line":108,"column":null}}],"line":108},"14":{"loc":{"start":{"line":109,"column":15},"end":{"line":109,"column":null}},"type":"binary-expr","locations":[{"start":{"line":109,"column":15},"end":{"line":109,"column":26}},{"start":{"line":109,"column":26},"end":{"line":109,"column":null}}],"line":109},"15":{"loc":{"start":{"line":110,"column":27},"end":{"line":110,"column":null}},"type":"binary-expr","locations":[{"start":{"line":110,"column":27},"end":{"line":110,"column":51}},{"start":{"line":110,"column":51},"end":{"line":110,"column":null}}],"line":110},"16":{"loc":{"start":{"line":111,"column":28},"end":{"line":111,"column":null}},"type":"binary-expr","locations":[{"start":{"line":111,"column":28},"end":{"line":111,"column":54}},{"start":{"line":111,"column":54},"end":{"line":111,"column":null}}],"line":111},"17":{"loc":{"start":{"line":116,"column":6},"end":{"line":116,"column":69}},"type":"binary-expr","locations":[{"start":{"line":116,"column":6},"end":{"line":116,"column":39}},{"start":{"line":116,"column":39},"end":{"line":116,"column":69}}],"line":116},"18":{"loc":{"start":{"line":124,"column":4},"end":{"line":126,"column":null}},"type":"if","locations":[{"start":{"line":124,"column":4},"end":{"line":126,"column":null}},{"start":{},"end":{}}],"line":124},"19":{"loc":{"start":{"line":125,"column":13},"end":{"line":125,"column":null}},"type":"binary-expr","locations":[{"start":{"line":125,"column":13},"end":{"line":125,"column":57}},{"start":{"line":125,"column":57},"end":{"line":125,"column":null}}],"line":125},"20":{"loc":{"start":{"line":135,"column":6},"end":{"line":135,"column":null}},"type":"if","locations":[{"start":{"line":135,"column":6},"end":{"line":135,"column":null}},{"start":{},"end":{}}],"line":135},"21":{"loc":{"start":{"line":140,"column":21},"end":{"line":140,"column":null}},"type":"binary-expr","locations":[{"start":{"line":140,"column":21},"end":{"line":140,"column":42}},{"start":{"line":140,"column":42},"end":{"line":140,"column":null}}],"line":140},"22":{"loc":{"start":{"line":142,"column":21},"end":{"line":142,"column":null}},"type":"binary-expr","locations":[{"start":{"line":142,"column":21},"end":{"line":142,"column":42}},{"start":{"line":142,"column":42},"end":{"line":142,"column":null}}],"line":142},"23":{"loc":{"start":{"line":146,"column":16},"end":{"line":146,"column":null}},"type":"binary-expr","locations":[{"start":{"line":146,"column":16},"end":{"line":146,"column":31}},{"start":{"line":146,"column":31},"end":{"line":146,"column":null}}],"line":146},"24":{"loc":{"start":{"line":147,"column":15},"end":{"line":147,"column":null}},"type":"binary-expr","locations":[{"start":{"line":147,"column":15},"end":{"line":147,"column":29}},{"start":{"line":147,"column":29},"end":{"line":147,"column":null}}],"line":147},"25":{"loc":{"start":{"line":148,"column":27},"end":{"line":148,"column":null}},"type":"binary-expr","locations":[{"start":{"line":148,"column":27},"end":{"line":148,"column":54}},{"start":{"line":148,"column":54},"end":{"line":148,"column":null}}],"line":148},"26":{"loc":{"start":{"line":149,"column":28},"end":{"line":149,"column":null}},"type":"binary-expr","locations":[{"start":{"line":149,"column":28},"end":{"line":149,"column":57}},{"start":{"line":149,"column":57},"end":{"line":149,"column":null}}],"line":149},"27":{"loc":{"start":{"line":158,"column":4},"end":{"line":167,"column":null}},"type":"if","locations":[{"start":{"line":158,"column":4},"end":{"line":167,"column":null}},{"start":{},"end":{}}],"line":158},"28":{"loc":{"start":{"line":163,"column":16},"end":{"line":163,"column":null}},"type":"binary-expr","locations":[{"start":{"line":163,"column":16},"end":{"line":163,"column":38}},{"start":{"line":163,"column":38},"end":{"line":163,"column":null}}],"line":163},"29":{"loc":{"start":{"line":181,"column":18},"end":{"line":181,"column":null}},"type":"binary-expr","locations":[{"start":{"line":181,"column":18},"end":{"line":181,"column":40}},{"start":{"line":181,"column":40},"end":{"line":181,"column":null}}],"line":181},"30":{"loc":{"start":{"line":187,"column":6},"end":{"line":187,"column":null}},"type":"if","locations":[{"start":{"line":187,"column":6},"end":{"line":187,"column":null}},{"start":{},"end":{}}],"line":187},"31":{"loc":{"start":{"line":192,"column":21},"end":{"line":192,"column":null}},"type":"binary-expr","locations":[{"start":{"line":192,"column":21},"end":{"line":192,"column":42}},{"start":{"line":192,"column":42},"end":{"line":192,"column":null}}],"line":192},"32":{"loc":{"start":{"line":194,"column":21},"end":{"line":194,"column":null}},"type":"binary-expr","locations":[{"start":{"line":194,"column":21},"end":{"line":194,"column":42}},{"start":{"line":194,"column":42},"end":{"line":194,"column":null}}],"line":194},"33":{"loc":{"start":{"line":198,"column":16},"end":{"line":198,"column":null}},"type":"binary-expr","locations":[{"start":{"line":198,"column":16},"end":{"line":198,"column":31}},{"start":{"line":198,"column":31},"end":{"line":198,"column":null}}],"line":198},"34":{"loc":{"start":{"line":199,"column":15},"end":{"line":199,"column":null}},"type":"binary-expr","locations":[{"start":{"line":199,"column":15},"end":{"line":199,"column":29}},{"start":{"line":199,"column":29},"end":{"line":199,"column":null}}],"line":199},"35":{"loc":{"start":{"line":200,"column":27},"end":{"line":200,"column":null}},"type":"binary-expr","locations":[{"start":{"line":200,"column":27},"end":{"line":200,"column":54}},{"start":{"line":200,"column":54},"end":{"line":200,"column":null}}],"line":200},"36":{"loc":{"start":{"line":201,"column":28},"end":{"line":201,"column":null}},"type":"binary-expr","locations":[{"start":{"line":201,"column":28},"end":{"line":201,"column":57}},{"start":{"line":201,"column":57},"end":{"line":201,"column":null}}],"line":201},"37":{"loc":{"start":{"line":208,"column":6},"end":{"line":208,"column":66}},"type":"binary-expr","locations":[{"start":{"line":208,"column":6},"end":{"line":208,"column":39}},{"start":{"line":208,"column":39},"end":{"line":208,"column":66}}],"line":208},"38":{"loc":{"start":{"line":214,"column":4},"end":{"line":220,"column":null}},"type":"if","locations":[{"start":{"line":214,"column":4},"end":{"line":220,"column":null}},{"start":{},"end":{}}],"line":214},"39":{"loc":{"start":{"line":217,"column":8},"end":{"line":217,"column":null}},"type":"cond-expr","locations":[{"start":{"line":217,"column":22},"end":{"line":217,"column":45}},{"start":{"line":217,"column":45},"end":{"line":217,"column":null}}],"line":217},"40":{"loc":{"start":{"line":219,"column":13},"end":{"line":219,"column":null}},"type":"binary-expr","locations":[{"start":{"line":219,"column":13},"end":{"line":219,"column":52}},{"start":{"line":219,"column":52},"end":{"line":219,"column":null}}],"line":219},"41":{"loc":{"start":{"line":224,"column":6},"end":{"line":224,"column":null}},"type":"if","locations":[{"start":{"line":224,"column":6},"end":{"line":224,"column":null}},{"start":{},"end":{}}],"line":224},"42":{"loc":{"start":{"line":225,"column":6},"end":{"line":225,"column":null}},"type":"if","locations":[{"start":{"line":225,"column":6},"end":{"line":225,"column":null}},{"start":{},"end":{}}],"line":225},"43":{"loc":{"start":{"line":226,"column":6},"end":{"line":226,"column":null}},"type":"if","locations":[{"start":{"line":226,"column":6},"end":{"line":226,"column":null}},{"start":{},"end":{}}],"line":226},"44":{"loc":{"start":{"line":227,"column":6},"end":{"line":227,"column":null}},"type":"if","locations":[{"start":{"line":227,"column":6},"end":{"line":227,"column":null}},{"start":{},"end":{}}],"line":227},"45":{"loc":{"start":{"line":228,"column":6},"end":{"line":228,"column":null}},"t
[...]
ine":202},"53":{"loc":{"start":{"line":203,"column":6},"end":{"line":203,"column":null}},"type":"if","locations":[{"start":{"line":203,"column":6},"end":{"line":203,"column":null}},{"start":{},"end":{}}],"line":203},"54":{"loc":{"start":{"line":204,"column":6},"end":{"line":204,"column":null}},"type":"if","locations":[{"start":{"line":204,"column":6},"end":{"line":204,"column":null}},{"start":{},"end":{}}],"line":204},"55":{"loc":{"start":{"line":213,"column":6},"end":{"line":213,"column":null}},"type":"if","locations":[{"start":{"line":213,"column":6},"end":{"line":213,"column":null}},{"start":{},"end":{}}],"line":213},"56":{"loc":{"start":{"line":216,"column":40},"end":{"line":216,"column":72}},"type":"cond-expr","locations":[{"start":{"line":216,"column":54},"end":{"line":216,"column":71}},{"start":{"line":216,"column":71},"end":{"line":216,"column":72}}],"line":216},"57":{"loc":{"start":{"line":220,"column":6},"end":{"line":220,"column":65}},"type":"binary-expr","locations":[{"start":{"line":220,"column":6},"end":{"line":220,"column":39}},{"start":{"line":220,"column":39},"end":{"line":220,"column":65}}],"line":220},"58":{"loc":{"start":{"line":226,"column":4},"end":{"line":230,"column":null}},"type":"if","locations":[{"start":{"line":226,"column":4},"end":{"line":230,"column":null}},{"start":{},"end":{}}],"line":226},"59":{"loc":{"start":{"line":238,"column":6},"end":{"line":238,"column":null}},"type":"if","locations":[{"start":{"line":238,"column":6},"end":{"line":238,"column":null}},{"start":{},"end":{}}],"line":238},"60":{"loc":{"start":{"line":244,"column":6},"end":{"line":244,"column":65}},"type":"binary-expr","locations":[{"start":{"line":244,"column":6},"end":{"line":244,"column":39}},{"start":{"line":244,"column":39},"end":{"line":244,"column":65}}],"line":244}},"s":{"0":1,"1":0,"2":25,"3":25,"4":25,"5":25,"6":25,"7":11,"8":11,"9":11,"10":11,"11":0,"12":0,"13":0,"14":0,"15":0,"16":0,"17":0,"18":0,"19":0,"20":0,"21":11,"22":0,"23":0,"24":0,"25":25,"26":2,"27":2,"28":7,"29":0,"30":0,"31":0,"32":0,"33":0,"34":0,"35":0,"36":25,"37":2,"38":2,"39":2,"40":2,"41":2,"42":0,"43":0,"44":0,"45":0,"46":0,"47":0,"48":0,"49":0,"50":0,"51":0,"52":0,"53":25,"54":2,"55":2,"56":7,"57":2,"58":1,"59":1,"60":1,"61":1,"62":6,"63":1,"64":0,"65":0,"66":0,"67":0,"68":0,"69":0,"70":0,"71":0,"72":0,"73":0,"74":0,"75":0,"76":0,"77":0,"78":0,"79":0,"80":0,"81":0,"82":0,"83":0,"84":0,"85":0,"86":0,"87":0,"88":0,"89":0,"90":0,"91":0,"92":0,"93":0,"94":0,"95":0,"96":0,"97":0,"98":0,"99":0,"100":0,"101":25,"102":1,"103":1,"104":1,"105":6,"106":1,"107":0,"108":0,"109":0,"110":0,"111":0,"112":0,"113":0,"114":0,"115":0,"116":0,"117":0,"118":25,"119":10,"120":25},"f":{"0":0,"1":25,"2":11,"3":2,"4":7,"5":2,"6":2,"7":0,"8":2,"9":7,"10":1,"11":6,"12":0,"13":0,"14":1,"15":1,"16":6,"17":0,"18":0,"19":10},"b":{"0":[0,0],"1":[0,0],"2":[0,0],"3":[0,0],"4":[0,0],"5":[0,0],"6":[0,0],"7":[0,0],"8":[0,0],"9":[0,0],"10":[0,0],"11":[0,0],"12":[0,0],"13":[0,0],"14":[11,0],"15":[0,0],"16":[0,0],"17":[0,0],"18":[0,0],"19":[2,0],"20":[2,1],"21":[0,0],"22":[2,0],"23":[2,1],"24":[2,2],"25":[2,0],"26":[2,2],"27":[2,2],"28":[2,2],"29":[2,2],"30":[2,2],"31":[2,0],"32":[2,0],"33":[2,0],"34":[2,0],"35":[2,0],"36":[2,0],"37":[2,0],"38":[0,0],"39":[0,0],"40":[2,0],"41":[1,1],"42":[1,5],"43":[0,0],"44":[0,0],"45":[0,0],"46":[0,0],"47":[0,0],"48":[0,0],"49":[0,0],"50":[0,0],"51":[0,0],"52":[0,0],"53":[0,0],"54":[0,0],"55":[0,0],"56":[0,0],"57":[0,0],"58":[1,0],"59":[0,0],"60":[0,0]},"meta":{"lastBranch":61,"lastFunction":20,"lastStatement":121,"seen":{"s:9:6:9:Infinity":0,"f:39:9:39:29":0,"s:40:2:59:Infinity":1,"b:43:11:43:22:43:22:43:Infinity":0,"b:45:12:45:28:45:28:45:Infinity":1,"b:46:15:46:31:46:31:46:Infinity":2,"b:47:15:47:31:47:31:47:Infinity":3,"b:48:25:48:51:48:51:48:Infinity":4,"b:49:17:49:35:49:35:49:Infinity":5,"b:50:15:50:31:50:31:50:Infinity":6,"b:51:9:51:18:51:18:51:Infinity":7,"b:52:12:52:24:52:24:52:Infinity":8,"b:53:24:53:49:53:49:53:Infinity":9,"b:54:14:54:29:54:29:54:Infinity":10,"b:56:25:56:52:56:52:56:Infinity":11,"b:57:23:57:47:57:47:57:Infinity":12,"b:58:29:58:60:58:60:58:Infinity":13,"f:62:16:62:43":1,"s:63:30:63:Infinity":2,"s:64:28:64:Infinity":3,"s:65:24:65:Infinity":4,"s:66:18:66:Infinity":5,"s:68:8:104:Infinity":6,"f:68:36:68:48":2,"b:69:4:74:Infinity:undefined:undefined:undefined:undefined":14,"s:69:4:74:Infinity":7,"s:71:6:71:Infinity":8,"s:72:6:72:Infinity":9,"s:73:6:73:Infinity":10,"s:76:4:76:Infinity":11,"s:77:4:77:Infinity":12,"s:79:4:103:Infinity":13,"s:80:18:83:Infinity":14,"b:86:6:88:Infinity:undefined:undefined:undefined:undefined":15,"s:86:6:88:Infinity":15,"s:87:8:87:Infinity":16,"s:90:42:90:Infinity":17,"b:92:6:92:Infinity:undefined:undefined:undefined:undefined":16,"s:92:6:92:Infinity":18,"s:92:22:92:Infinity":19,"s:95:12:95:Infinity":20,"b:95:46:95:70:95:70:95:74":17,"s:97:6:97:Infinity":21,"s:99:6:99:Infinity":22,"b:99:6:99:39:99:39:99:65":18,"s:100:6:100:Infinity":23,"s:102:6:102:Infinity":24,"s:106:8:125:Infinity":25,"f:106:33:106:40":3,"b:107:4:109:Infinity:undefined:undefined:undefined:undefined":19,"s:107:4:109:Infinity":26,"s:108:6:108:Infinity":27,"b:108:13:108:53:108:53:108:Infinity":20,"f:108:32:108:37":4,"s:108:37:108:48":28,"s:111:4:124:Infinity":29,"s:112:42:116:Infinity":30,"b:118:6:118:Infinity:undefined:undefined:undefined:undefined":21,"s:118:6:118:Infinity":31,"s:118:22:118:Infinity":32,"s:120:6:120:Infinity":33,"s:122:6:122:Infinity":34,"s:123:6:123:Infinity":35,"s:127:8:177:Infinity":36,"f:127:33:127:40":5,"b:128:4:146:Infinity:undefined:undefined:undefined:undefined":22,"s:128:4:146:Infinity":37,"s:130:34:143:Infinity":38,"b:133:15:133:32:133:32:133:Infinity":23,"b:135:19:135:40:135:40:135:Infinity":24,"b:137:8:137:63:137:63:137:Infinity":25,"b:138:19:138:40:138:40:138:Infinity":26,"b:139:13:139:28:139:28:139:Infinity":27,"b:140:16:140:34:140:34:140:Infinity":28,"b:141:28:141:58:141:58:141:Infinity":29,"b:142:18:142:38:142:38:142:Infinity":30,"s:144:6:144:Infinity":39,"f:144:18:144:26":6,"s:144:26:144:47":40,"s:145:6:145:Infinity":41,"s:148:4:176:Infinity":42,"s:149:43:165:Infinity":43,"b:154:17:154:34:154:34:154:Infinity":31,"b:156:22:156:43:156:43:156:Infinity":32,"b:157:22:157:43:157:43:157:Infinity":33,"b:158:15:158:30:158:30:158:Infinity":34,"b:159:18:159:36:159:36:159:Infinity":35,"b:160:31:160:61:160:61:160:Infinity":36,"b:161:21:161:41:161:41:161:Infinity":37,"b:167:6:167:Infinity:undefined:undefined:undefined:undefined":38,"s:167:6:167:Infinity":44,"s:167:23:167:Infinity":45,"s:169:25:169:Infinity":46,"s:170:6:170:Infinity":47,"f:170:18:170:26":7,"s:170:26:170:47":48,"s:171:6:171:Infinity":49,"s:173:6:173:Infinity":50,"s:174:6:174:Infinity":51,"b:174:6:174:39:174:39:174:62":39,"s:175:6:175:Infinity":52,"s:179:8:223:Infinity":53,"f:179:36:179:43":8,"b:180:4:188:Infinity:undefined:undefined:undefined:undefined":40,"s:180:4:188:Infinity":54,"s:182:30:182:Infinity":55,"f:182:44:182:49":9,"s:182:49:182:60":56,"b:183:6:183:Infinity:undefined:undefined:undefined:undefined":41,"s:183:6:183:Infinity":57,"s:183:28:183:Infinity":58,"s:185:38:185:Infinity":59,"s:186:6:186:Infinity":60,"f:186:18:186:26":10,"s:186:26:186:73":61,"f:186:35:186:40":11,"s:186:40:186:72":62,"b:186:54:186:71:186:71:186:72":42,"s:187:6:187:Infinity":63,"s:190:4:222:Infinity":64,"s:191:42:191:Infinity":65,"b:192:6:192:Infinity:undefined:undefined:undefined:undefined":43,"s:192:6:192:Infinity":66,"s:192:38:192:Infinity":67,"b:193:6:193:Infinity:undefined:undefined:undefined:undefined":44,"s:193:6:193:Infinity":68,"s:193:39:193:Infinity":69,"b:194:6:194:Infinity:undefined:undefined:undefined:undefined":45,"s:194:6:194:Infinity":70,"s:194:39:194:Infinity":71,"b:195:6:195:Infinity:undefined:undefined:undefined:undefined":46,"s:195:6:195:Infinity":72,"s:195:43:195:Infinity":73,"b:196:6:196:Infinity:undefined:undefined:undefined:undefined":47,"s:196:6:196:Infinity":74,"s:196:43:196:Infinity":75,"b:197:6:197:Infinity:undefined:undefined:undefined:undefined":48,"s:197:6:197:Infinity":76,"s:197:37:197:Infinity":77,"b:198:6:198:Infinity:undefined:undefined:undefined:undefined":49,"s:198:6:198:Infinity":78,"s:198:40:198:Infinity":79,"b:199:6:199:Infinity:undefined:undefined:undefined:undefined":50,"s:199:6:199:Infinity":80,"s:199:52:199:Infinity":81,"b:200:6:200:Infinity:undefined:undefined:undefined:undefined":51,"s:200:6:200:Infinity":82,"s:200:42:200:Infinity":83,"b:202:6:202:Infinity:undefined:undefined:undefined:undefined":52,"s:202:6:202:Infinity":84,"s:202:53:202:Infinity":85,"b:203:6:203:Infinity:undefined:undefined:undefined:undefined":53,"s:203:6:203:Infinity":86,"s:203:51:203:Infinity":87,"b:204:6:204:Infinity:undefined:undefined:undefined:undefined":54,"s:204:6:204:Infinity":88,"s:204:57:204:Infinity":89,"s:206:43:211:Infinity":90,"b:213:6:213:Infinity:undefined:undefined:undefined:undefined":55,"s:213:6:213:Infinity":91,"s:213:23:213:Infinity":92,"s:215:29:215:Infinity":93,"s:216:6:216:Infinity":94,"f:216:18:216:26":12,"s:216:26:216:73":95,"f:216:35:216:40":13,"s:216:40:216:72":96,"b:216:54:216:71:216:71:216:72":56,"s:217:6:217:Infinity":97,"s:219:6:219:Infinity":98,"s:220:6:220:Infinity":99,"b:220:6:220:39:220:39:220:65":57,"s:221:6:221:Infinity":100,"s:225:8:247:Infinity":101,"f:225:36:225:43":14,"b:226:4:230:Infinity:undefined:undefined:undefined:undefined":58,"s:226:4:230:Infinity":102,"s:228:6:228:Infinity":103,"f:228:18:228:26":15,"s:228:26:228:55":104,"f:228:38:228:43":16,"s:228:43:228:54":105,"s:229:6:229:Infinity":106,"s:232:4:246:Infinity":107,"s:233:37:236:Infinity":108,"b:238:6:238:Infinity:undefined:undefined:undefined:undefined":59,"s:238:6:238:Infinity":109,"s:238:23:238:Infinity":110,"s:240:6:240:Infinity":111,"f:240:18:240:26":17,"s:240:26:240:55":112,"f:240:38:240:43":18,"s:240:43:240:54":113,"s:241:6:241:Infinity":114,"s:243:6:243:Infinity":115,"s:244:6:244:Infinity":116,"b:244:6:244:39:244:39:244:65":60,"s:245:6:245:Infinity":117,"s:250:2:252:Infinity":118,"f:250:12:250:18":19,"s:251:4:251:Infinity":119,"s:254:2:263:Infinity":120}}}
,"/Users/galtibet/Apps/clinicALL/lib/database.types.ts": {"path":"/Users/galtibet/Apps/clinicALL/lib/database.types.ts","statementMap":{"0":{"start":{"line":10,"column":2},"end":{"line":12,"column":null}},"1":{"start":{"line":11,"column":4},"end":{"line":11,"column":null}},"2":{"start":{"line":13,"column":2},"end":{"line":15,"column":null}},"3":{"start":{"line":14,"column":4},"end":{"line":14,"column":null}},"4":{"start":{"line":16,"column":2},"end":{"line":18,"column":null}},"5":{"start":{"line":17,"column":4},"end":{"line":17,"column":null}},"6":{"start":{"line":19,"column":2},"end":{"line":19,"column":null}}},"fnMap":{"0":{"name":"getErrorMessage","decl":{"start":{"line":9,"column":16},"end":{"line":9,"column":32}},"loc":{"start":{"line":9,"column":56},"end":{"line":20,"column":null}},"line":9}},"branchMap":{"0":{"loc":{"start":{"line":10,"column":2},"end":{"line":12,"column":null}},"type":"if","locations":[{"start":{"line":10,"column":2},"end":{"line":12,"column":null}},{"start":{},"end":{}}],"line":10},"1":{"loc":{"start":{"line":13,"column":2},"end":{"line":15,"column":null}},"type":"if","locations":[{"start":{"line":13,"column":2},"end":{"line":15,"column":null}},{"start":{},"end":{}}],"line":13},"2":{"loc":{"start":{"line":16,"column":2},"end":{"line":18,"column":null}},"type":"if","locations":[{"start":{"line":16,"column":2},"end":{"line":18,"column":null}},{"start":{},"end":{}}],"line":16},"3":{"loc":{"start":{"line":16,"column":6},"end":{"line":16,"column":64}},"type":"binary-expr","locations":[{"start":{"line":16,"column":6},"end":{"line":16,"column":15}},{"start":{"line":16,"column":15},"end":{"line":16,"column":44}},{"start":{"line":16,"column":44},"end":{"line":16,"column":64}}],"line":16}},"s":{"0":0,"1":0,"2":0,"3":0,"4":0,"5":0,"6":0},"f":{"0":0},"b":{"0":[0,0],"1":[0,0],"2":[0,0],"3":[0,0,0]},"meta":{"lastBranch":4,"lastFunction":1,"lastStatement":7,"seen":{"f:9:16:9:32":0,"b:10:2:12:Infinity:undefined:undefined:undefined:undefined":0,"s:10:2:12:Infinity":0,"s:11:4:11:Infinity":1,"b:13:2:15:Infinity:undefined:undefined:undefined:undefined":1,"s:13:2:15:Infinity":2,"s:14:4:14:Infinity":3,"b:16:2:18:Infinity:undefined:undefined:undefined:undefined":2,"s:16:2:18:Infinity":4,"b:16:6:16:15:16:15:16:44:16:44:16:64":3,"s:17:4:17:Infinity":5,"s:19:2:19:Infinity":6}}}
,"/Users/galtibet/Apps/clinicALL/lib/logger.ts": {"path":"/Users/galtibet/Apps/clinicALL/lib/logger.ts","statementMap":{"0":{"start":{"line":10,"column":22},"end":{"line":10,"column":null}},"1":{"start":{"line":19,"column":13},"end":{"line":19,"column":null}},"2":{"start":{"line":26,"column":2},"end":{"line":34,"column":null}},"3":{"start":{"line":28,"column":4},"end":{"line":33,"column":null}},"4":{"start":{"line":36,"column":17},"end":{"line":36,"column":null}},"5":{"start":{"line":38,"column":2},"end":{"line":43,"column":null}},"6":{"start":{"line":39,"column":35},"end":{"line":39,"column":null}},"7":{"start":{"line":40,"column":34},"end":{"line":40,"column":null}},"8":{"start":{"line":41,"column":34},"end":{"line":41,"column":null}},"9":{"start":{"line":42,"column":35},"end":{"line":42,"column":null}},"10":{"start":{"line":47,"column":22},"end":{"line":47,"column":null}}},"fnMap":{"0":{"name":"(anonymous_0)","decl":{"start":{"line":19,"column":13},"end":{"line":19,"column":19}},"loc":{"start":{"line":19,"column":19},"end":{"line":19,"column":null}},"line":19},"1":{"name":"createLogger","decl":{"start":{"line":25,"column":16},"end":{"line":25,"column":29}},"loc":{"start":{"line":25,"column":53},"end":{"line":44,"column":null}},"line":25},"2":{"name":"(anonymous_2)","decl":{"start":{"line":39,"column":11},"end":{"line":39,"column":15}},"loc":{"start":{"line":39,"column":35},"end":{"line":39,"column":null}},"line":39},"3":{"name":"(anonymous_3)","decl":{"start":{"line":40,"column":10},"end":{"line":40,"column":14}},"loc":{"start":{"line":40,"column":34},"end":{"line":40,"column":null}},"line":40},"4":{"name":"(anonymous_4)","decl":{"start":{"line":41,"column":10},"end":{"line":41,"column":14}},"loc":{"start":{"line":41,"column":34},"end":{"line":41,"column":null}},"line":41},"5":{"name":"(anonymous_5)","decl":{"start":{"line":42,"column":11},"end":{"line":42,"column":15}},"loc":{"start":{"line":42,"column":35},"end":{"line":42,"column":null}},"line":42}},"branchMap":{"0":{"loc":{"start":{"line":26,"column":2},"end":{"line":34,"column":null}},"type":"if","locations":[{"start":{"line":26,"column":2},"end":{"line":34,"column":null}},{"start":{},"end":{}}],"line":26}},"s":{"0":3,"1":3,"2":12,"3":0,"4":12,"5":12,"6":2,"7":6,"8":1,"9":2,"10":3},"f":{"0":0,"1":12,"2":2,"3":6,"4":1,"5":2},"b":{"0":[0,12]},"meta":{"lastBranch":1,"lastFunction":6,"lastStatement":11,"seen":{"s:10:22:10:Infinity":0,"s:19:13:19:Infinity":1,"f:19:13:19:19":0,"f:25:16:25:29":1,"b:26:2:34:Infinity:undefined:undefined:undefined:undefined":0,"s:26:2:34:Infinity":2,"s:28:4:33:Infinity":3,"s:36:17:36:Infinity":4,"s:38:2:43:Infinity":5,"f:39:11:39:15":2,"s:39:35:39:Infinity":6,"f:40:10:40:14":3,"s:40:34:40:Infinity":7,"f:41:10:41:14":4,"s:41:34:41:Infinity":8,"f:42:11:42:15":5,"s:42:35:42:Infinity":9,"s:47:22:47:Infinity":10}}}
,"/Users/galtibet/Apps/clinicALL/lib/rateLimiter.ts": {"path":"/Users/galtibet/Apps/clinicALL/lib/rateLimiter.ts","statementMap":{"0":{"start":{"line":29,"column":23},"end":{"line":29,"column":null}},"1":{"start":{"line":38,"column":36},"end":{"line":38,"column":null}},"2":{"start":{"line":40,"column":2},"end":{"line":90,"column":null}},"3":{"start":{"line":46,"column":18},"end":{"line":46,"column":null}},"4":{"start":{"line":47,"column":18},"end":{"line":47,"column":null}},"5":{"start":{"line":48,"column":20},"end":{"line":48,"column":null}},"6":{"start":{"line":51,"column":6},"end":{"line":54,"column":null}},"7":{"start":{"line":52,"column":8},"end":{"line":52,"column":null}},"8":{"start":{"line":53,"column":8},"end":{"line":53,"column":null}},"9":{"start":{"line":57,"column":6},"end":{"line":60,"column":null}},"10":{"start":{"line":58,"column":29},"end":{"line":58,"column":null}},"11":{"start":{"line":59,"column":8},"end":{"line":59,"column":null}},"12":{"start":{"line":63,"column":6},"end":{"line":63,"column":null}},"13":{"start":{"line":64,"column":6},"end":{"line":64,"column":null}},"14":{"start":{"line":71,"column":6},"end":{"line":71,"column":null}},"15":{"start":{"line":78,"column":18},"end":{"line":78,"column":null}},"16":{"start":{"line":79,"column":20},"end":{"line":79,"column":null}},"17":{"start":{"line":81,"column":6},"end":{"line":83,"column":null}},"18":{"start":{"line":82,"column":8},"end":{"line":82,"column":null}},"19":{"start":{"line":85,"column":6},"end":{"line":88,"column":null}},"20":{"start":{"line":97,"column":36},"end":{"line":100,"column":null}},"21":{"start":{"line":106,"column":36},"end":{"line":109,"column":null}},"22":{"start":{"line":115,"column":35},"end":{"line":118,"column":null}}},"fnMap":{"0":{"name":"createRateLimiter","decl":{"start":{"line":37,"column":16},"end":{"line":37,"column":34}},"loc":{"start":{"line":37,"column":82},"end":{"line":91,"column":null}},"line":37},"1":{"name":"(anonymous_1)","decl":{"start":{"line":45,"column":4},"end":{"line":45,"column":81}},"loc":{"start":{"line":45,"column":81},"end":{"line":65,"column":null}},"line":45},"2":{"name":"(anonymous_2)","decl":{"start":{"line":70,"column":4},"end":{"line":70,"column":18}},"loc":{"start":{"line":70,"column":18},"end":{"line":72,"column":null}},"line":70},"3":{"name":"(anonymous_3)","decl":{"start":{"line":77,"column":4},"end":{"line":77,"column":59}},"loc":{"start":{"line":77,"column":59},"end":{"line":89,"column":null}},"line":77}},"branchMap":{"0":{"loc":{"start":{"line":51,"column":6},"end":{"line":54,"column":null}},"type":"if","locations":[{"start":{"line":51,"column":6},"end":{"line":54,"column":null}},{"start":{},"end":{}}],"line":51},"1":{"loc":{"start":{"line":51,"column":10},"end":{"line":51,"column":57}},"type":"binary-expr","locations":[{"start":{"line":51,"column":10},"end":{"line":51,"column":20}},{"start":{"line":51,"column":20},"end":{"line":51,"column":57}}],"line":51},"2":{"loc":{"start":{"line":57,"column":6},"end":{"line":60,"column":null}},"type":"if","locations":[{"start":{"line":57,"column":6},"end":{"line":60,"column":null}},{"start":{},"end":{}}],"line":57},"3":{"loc":{"start":{"line":81,"column":6},"end":{"line":83,"column":null}},"type":"if","locations":[{"start":{"line":81,"column":6},"end":{"line":83,"column":null}},{"start":{},"end":{}}],"line":81},"4":{"loc":{"start":{"line":81,"column":10},"end":{"line":81,"column":57}},"type":"binary-expr","locations":[{"start":{"line":81,"column":10},"end":{"line":81,"column":20}},{"start":{"line":81,"column":20},"end":{"line":81,"column":57}}],"line":81}},"s":{"0":1,"1":9,"2":9,"3":67,"4":67,"5":67,"6":67,"7":18,"8":18,"9":49,"10":10,"11":10,"12":39,"13":39,"14":22,"15":3,"16":3,"17":3,"18":1,"19":2,"20":1,"21":1,"22":1},"f":{"0":9,"1":67,"2":22,"3":3},"b":{"0":[18,49],"1":[67,53],"2":[10,39],"3":[1,2],"4":[3,2]},"meta":{"lastBranch":5,"lastFunction":4,"lastStatement":23,"seen":{"s:29:23:29:Infinity":0,"f:37:16:37:34":0,"s:38:36:38:Infinity":1,"s:40:2:90:Infinity":2,"f:45:4:45:81":1,"s:46:18:46:Infinity":3,"s:47:18:47:Infinity":4,"s:48:20:48:Infinity":5,"b:51:6:54:Infinity:undefined:undefined:undefined:undefined":0,"s:51:6:54:Infinity":6,"b:51:10:51:20:51:20:51:57":1,"s:52:8:52:Infinity":7,"s:53:8:53:Infinity":8,"b:57:6:60:Infinity:undefined:undefined:undefined:undefined":2,"s:57:6:60:Infinity":9,"s:58:29:58:Infinity":10,"s:59:8:59:Infinity":11,"s:63:6:63:Infinity":12,"s:64:6:64:Infinity":13,"f:70:4:70:18":2,"s:71:6:71:Infinity":14,"f:77:4:77:59":3,"s:78:18:78:Infinity":15,"s:79:20:79:Infinity":16,"b:81:6:83:Infinity:undefined:undefined:undefined:undefined":3,"s:81:6:83:Infinity":17,"b:81:10:81:20:81:20:81:57":4,"s:82:8:82:Infinity":18,"s:85:6:88:Infinity":19,"s:97:36:100:Infinity":20,"s:106:36:109:Infinity":21,"s:115:35:118:Infinity":22}}}
}
